[2021-09-10 08:12:51.839] Info  [object Object]
[2021-09-10 08:12:51.847] Info  [object Object]
[2021-09-10 08:13:06.767] Info  [object Object]
[2021-09-10 08:13:06.772] Info  [object Object]
[2021-09-10 08:15:16.893] Info  [object Object]
[2021-09-10 08:15:16.902] Info  [object Object]
[2021-09-10 08:21:34.884] Info  [object Object]
[2021-09-10 08:21:34.896] Info  [object Object]
[2021-09-10 08:22:51.685] Info  [object Object]
[2021-09-10 08:22:51.686] Info  [object Object]
[2021-09-10 08:24:11.079] Info  [object Object]
[2021-09-10 08:24:11.088] Info  [object Object]
[2021-09-10 08:25:04.511] Info  [object Object]
[2021-09-10 08:25:04.512] Info  [object Object]
[2021-09-15 01:59:43.825] Info  [object Object]
[2021-09-15 02:02:06.696] Info  [object Object]
[2021-09-15 02:03:24.915] Info  [object Object]
[2021-09-15 02:04:16.437] Info  [object Object]
[2021-09-15 02:06:30.951] Info  [object Object]
[2021-09-15 02:08:07.423] Info  [object Object]
[2021-09-15 02:10:09.917] Info  [object Object]
[2021-09-15 02:12:30.495] Info  [object Object]
[2021-09-15 02:12:44.574] Info  [object Object]
[2021-09-15 02:27:48.568] Info  [object Object]
[2021-09-15 02:29:39.890] Info  [object Object]
[2021-09-15 02:30:11.727] Info  [object Object]
[2021-09-15 02:31:13.909] Info  [object Object]
[2021-09-15 02:33:12.123] Info  [object Object]
[2021-09-15 02:34:29.199] Info  [object Object]
[2021-09-15 04:03:07.278] Info  [object Object]
[2021-09-15 04:07:14.547] Info  [object Object]
[2021-09-15 04:07:14.570] Info  [object Object]
[2021-09-15 04:08:00.987] Info  [object Object]
[2021-09-15 04:09:08.003] Info  [object Object]
[2021-09-15 04:09:37.361] Info  [object Object]
[2021-09-15 04:09:48.150] Info  [object Object]
[2021-09-15 04:14:50.221] Info  [object Object]
[2021-09-15 04:14:57.565] Info  [object Object]
[2021-09-15 04:24:08.909] Info  [object Object]
[2021-09-15 04:24:26.375] Info  [object Object]
[2021-09-15 04:49:06.109] Info  {"uid":123,"nickname":"nick1","type":"Idle","position":"position1"}
[2021-09-15 04:49:17.771] Info  {"uid":123}
[2021-09-15 06:09:24.395] Info  {"uid":1,"nickname":"zxdfafds","type":"idle","position":"{\"position\":{\"x\":37.61000061035156,\"y\":0.20033133029937745,\"z\":72.11000061035156},\"rotation\":{\"x\":0.0,\"y\":0.0,\"z\":0.0}}"}
[2021-09-15 06:14:07.723] Info  {"uid":1,"nickname":"zxdfafds","type":"idle","position":"{\"position\":{\"x\":37.61000061035156,\"y\":0.20033133029937745,\"z\":72.11000061035156},\"rotation\":{\"x\":0.0,\"y\":0.0,\"z\":0.0}}"}
[2021-09-15 06:14:57.179] Info  {"uid":1}
[2021-09-15 06:15:04.717] Info  {"uid":1,"nickname":"zdfafasf","type":"idle","position":"{\"position\":{\"x\":37.61000061035156,\"y\":0.20033133029937745,\"z\":72.11000061035156},\"rotation\":{\"x\":0.0,\"y\":0.0,\"z\":0.0}}"}
[2021-09-15 06:18:19.358] Info  {"uid":1}
[2021-09-15 06:19:28.597] Info  {"uid":22,"nickname":"ASFASFF","type":"idle","position":"{\"position\":{\"x\":37.61000061035156,\"y\":0.20033133029937745,\"z\":72.11000061035156},\"rotation\":{\"x\":0.0,\"y\":0.0,\"z\":0.0}}"}
[2021-09-15 06:19:35.338] Info  {"uid":22,"nickname":"","type":"Move","position":"{\"position\":{\"x\":37.60848617553711,\"y\":0.20033133029937745,\"z\":72.11000061035156},\"rotation\":{\"x\":0.0,\"y\":0.0,\"z\":0.0}}"}
[2021-09-15 06:19:35.539] Info  {"uid":22,"nickname":"","type":"Move","position":"{\"position\":{\"x\":37.4585075378418,\"y\":0.20033127069473267,\"z\":72.11000061035156},\"rotation\":{\"x\":0.0,\"y\":279.8556823730469,\"z\":0.0}}"}
[2021-09-15 06:19:35.746] Info  {"uid":22,"nickname":"","type":"Move","position":"{\"position\":{\"x\":37.07937240600586,\"y\":0.20033133029937745,\"z\":72.11000061035156},\"rotation\":{\"x\":0.0,\"y\":271.08807373046877,\"z\":0.0}}"}
[2021-09-15 06:19:35.956] Info  {"uid":22,"nickname":"","type":"Move","position":"{\"position\":{\"x\":36.65932083129883,\"y\":0.20033133029937745,\"z\":72.11000061035156},\"rotation\":{\"x\":0.0,\"y\":270.1163330078125,\"z\":0.0}}"}
[2021-09-15 06:19:36.156] Info  {"uid":22,"nickname":"","type":"Move","position":"{\"position\":{\"x\":36.258663177490237,\"y\":0.20033127069473267,\"z\":72.11000061035156},\"rotation\":{\"x\":0.0,\"y\":270.013916015625,\"z\":0.0}}"}
[2021-09-15 06:19:36.367] Info  {"uid":22,"nickname":"","type":"Move","position":"{\"position\":{\"x\":35.837066650390628,\"y\":0.2003312110900879,\"z\":72.11000061035156},\"rotation\":{\"x\":0.0,\"y\":270.00146484375,\"z\":0.0}}"}
[2021-09-15 06:19:36.577] Info  {"uid":22,"nickname":"","type":"Move","position":"{\"position\":{\"x\":35.417179107666019,\"y\":0.20033127069473267,\"z\":72.11000061035156},\"rotation\":{\"x\":0.0,\"y\":270.00018310546877,\"z\":0.0}}"}
[2021-09-15 06:19:36.788] Info  {"uid":22,"nickname":"","type":"Move","position":"{\"position\":{\"x\":34.99356460571289,\"y\":0.20033138990402223,\"z\":72.11000061035156},\"rotation\":{\"x\":0.0,\"y\":270.0000305175781,\"z\":0.0}}"}
[2021-09-15 06:19:36.999] Info  {"uid":22,"nickname":"","type":"Move","position":"{\"position\":{\"x\":34.573917388916019,\"y\":0.20033138990402223,\"z\":72.11000061035156},\"rotation\":{\"x\":0.0,\"y\":270.0000305175781,\"z\":0.0}}"}
[2021-09-15 06:19:37.208] Info  {"uid":22,"nickname":"","type":"Move","position":"{\"position\":{\"x\":34.15654373168945,\"y\":0.20033138990402223,\"z\":72.11000061035156},\"rotation\":{\"x\":0.0,\"y\":270.0000305175781,\"z\":0.0}}"}
[2021-09-15 06:19:37.423] Info  {"uid":22,"nickname":"","type":"Move","position":"{\"position\":{\"x\":33.737152099609378,\"y\":0.20033138990402223,\"z\":72.11000061035156},\"rotation\":{\"x\":0.0,\"y\":270.0000305175781,\"z\":0.0}}"}
[2021-09-15 06:19:37.627] Info  {"uid":22,"nickname":"","type":"Move","position":"{\"position\":{\"x\":33.39791488647461,\"y\":0.20033127069473267,\"z\":72.22239685058594},\"rotation\":{\"x\":0.0,\"y\":290.74957275390627,\"z\":0.0}}"}
[2021-09-15 06:19:37.832] Info  {"uid":22,"nickname":"","type":"Move","position":"{\"position\":{\"x\":33.31332778930664,\"y\":0.20033127069473267,\"z\":72.57362365722656},\"rotation\":{\"x\":0.0,\"y\":336.9097900390625,\"z\":0.0}}"}
[2021-09-15 06:19:38.034] Info  {"uid":22,"nickname":"","type":"Move","position":"{\"position\":{\"x\":33.31332778930664,\"y\":0.20033186674118043,\"z\":72.97689819335938},\"rotation\":{\"x\":0.0,\"y\":356.1163635253906,\"z\":0.0}}"}
[2021-09-15 06:19:38.245] Info  {"uid":22,"nickname":"","type":"Move","position":"{\"position\":{\"x\":33.31332778930664,\"y\":0.20033186674118043,\"z\":73.38165283203125},\"rotation\":{\"x\":0.0,\"y\":359.5380554199219,\"z\":0.0}}"}
[2021-09-15 06:19:38.450] Info  {"uid":22,"nickname":"","type":"Move","position":"{\"position\":{\"x\":33.31332778930664,\"y\":0.20033186674118043,\"z\":73.57317352294922},\"rotation\":{\"x\":0.0,\"y\":359.9412841796875,\"z\":0.0}}"}
[2021-09-15 06:19:38.657] Info  {"uid":22,"nickname":"","type":"Idle","position":"{\"position\":{\"x\":33.31332778930664,\"y\":0.20033174753189088,\"z\":73.58150482177735},\"rotation\":{\"x\":0.0,\"y\":359.97503662109377,\"z\":0.0}}"}
[2021-09-15 06:19:52.428] Info  {"uid":5556555,"nickname":"BBBBB","type":"idle","position":"{\"position\":{\"x\":37.61000061035156,\"y\":0.20033133029937745,\"z\":72.11000061035156},\"rotation\":{\"x\":0.0,\"y\":0.0,\"z\":0.0}}"}
[2021-09-15 06:19:53.631] Info  {"uid":5556555,"nickname":"","type":"Move","position":"{\"position\":{\"x\":37.60780334472656,\"y\":0.20033133029937745,\"z\":72.11000061035156},\"rotation\":{\"x\":0.0,\"y\":0.0,\"z\":0.0}}"}
[2021-09-15 06:19:53.842] Info  {"uid":5556555,"nickname":"","type":"Move","position":"{\"position\":{\"x\":37.436302185058597,\"y\":0.20033127069473267,\"z\":72.11000061035156},\"rotation\":{\"x\":0.0,\"y\":278.6068420410156,\"z\":0.0}}"}
[2021-09-15 06:19:54.058] Info  {"uid":5556555,"nickname":"","type":"Move","position":"{\"position\":{\"x\":37.028648376464847,\"y\":0.20033133029937745,\"z\":72.11000061035156},\"rotation\":{\"x\":0.0,\"y\":270.7705078125,\"z\":0.0}}"}
[2021-09-15 06:19:54.262] Info  {"uid":5556555,"nickname":"","type":"Move","position":"{\"position\":{\"x\":36.62054443359375,\"y\":0.20033133029937745,\"z\":72.11000061035156},\"rotation\":{\"x\":0.0,\"y\":270.0814208984375,\"z\":0.0}}"}
[2021-09-15 06:19:54.477] Info  {"uid":5556555,"nickname":"","type":"Move","position":"{\"position\":{\"x\":36.191226959228519,\"y\":0.2003312110900879,\"z\":72.11000061035156},\"rotation\":{\"x\":0.0,\"y\":270.00750732421877,\"z\":0.0}}"}
[2021-09-15 06:19:54.681] Info  {"uid":5556555,"nickname":"","type":"Move","position":"{\"position\":{\"x\":35.78193664550781,\"y\":0.20033133029937745,\"z\":72.11000061035156},\"rotation\":{\"x\":0.0,\"y\":270.00079345703127,\"z\":0.0}}"}
[2021-09-15 06:19:54.889] Info  {"uid":5556555,"nickname":"","type":"Move","position":"{\"position\":{\"x\":35.36552810668945,\"y\":0.20033133029937745,\"z\":72.11000061035156},\"rotation\":{\"x\":0.0,\"y\":270.00006103515627,\"z\":0.0}}"}
[2021-09-15 06:19:55.090] Info  {"uid":5556555,"nickname":"","type":"Move","position":"{\"position\":{\"x\":34.96318817138672,\"y\":0.20033133029937745,\"z\":72.11000061035156},\"rotation\":{\"x\":0.0,\"y\":270.0,\"z\":0.0}}"}
[2021-09-15 06:19:55.303] Info  {"uid":5556555,"nickname":"","type":"Move","position":"{\"position\":{\"x\":34.55287551879883,\"y\":0.20033133029937745,\"z\":72.11000061035156},\"rotation\":{\"x\":0.0,\"y\":270.0,\"z\":0.0}}"}
[2021-09-15 06:19:55.520] Info  {"uid":5556555,"nickname":"","type":"Move","position":"{\"position\":{\"x\":34.34991455078125,\"y\":0.20033133029937745,\"z\":72.11000061035156},\"rotation\":{\"x\":0.0,\"y\":270.0,\"z\":0.0}}"}
[2021-09-15 06:19:55.727] Info  {"uid":5556555,"nickname":"","type":"Idle","position":"{\"position\":{\"x\":34.34352111816406,\"y\":0.20033133029937745,\"z\":72.11000061035156},\"rotation\":{\"x\":0.0,\"y\":270.0,\"z\":0.0}}"}
[2021-09-15 06:20:49.075] Info  {"uid":22,"nickname":"","type":"Move","position":"{\"position\":{\"x\":33.31332778930664,\"y\":0.20033174753189088,\"z\":73.5832290649414},\"rotation\":{\"x\":0.0,\"y\":359.97503662109377,\"z\":0.0}}"}
[2021-09-15 06:20:49.276] Info  {"uid":22,"nickname":"","type":"Move","position":"{\"position\":{\"x\":33.31332778930664,\"y\":0.20033180713653565,\"z\":73.7257308959961},\"rotation\":{\"x\":0.0,\"y\":-0.0027474320959299804,\"z\":0.0}}"}
[2021-09-15 06:20:49.486] Info  {"uid":22,"nickname":"","type":"Idle","position":"{\"position\":{\"x\":33.31332778930664,\"y\":0.20033180713653565,\"z\":73.79112243652344},\"rotation\":{\"x\":0.0,\"y\":-0.0005178220453672111,\"z\":0.0}}"}
[2021-09-15 06:20:50.182] Info  {"uid":22,"nickname":"","type":"Move","position":"{\"position\":{\"x\":33.31332778930664,\"y\":0.20033180713653565,\"z\":73.79287719726563},\"rotation\":{\"x\":0.0,\"y\":-0.0005178220453672111,\"z\":0.0}}"}
[2021-09-15 06:20:50.384] Info  {"uid":22,"nickname":"","type":"Move","position":"{\"position\":{\"x\":33.31332778930664,\"y\":0.20033180713653565,\"z\":73.94478607177735},\"rotation\":{\"x\":0.0,\"y\":-0.00005634667104459368,\"z\":0.0}}"}
[2021-09-15 06:20:50.595] Info  {"uid":22,"nickname":"","type":"Move","position":"{\"position\":{\"x\":33.31332778930664,\"y\":0.20033174753189088,\"z\":74.33451843261719},\"rotation\":{\"x\":0.0,\"y\":-0.000005720503395423293,\"z\":0.0}}"}
[2021-09-15 06:20:50.802] Info  {"uid":22,"nickname":"","type":"Move","position":"{\"position\":{\"x\":33.31332778930664,\"y\":0.20033162832260133,\"z\":74.74708557128906},\"rotation\":{\"x\":0.0,\"y\":-5.919937962062249e-7,\"z\":0.0}}"}
[2021-09-15 06:20:51.010] Info  {"uid":22,"nickname":"","type":"Move","position":"{\"position\":{\"x\":33.31332778930664,\"y\":0.20033156871795655,\"z\":75.16402435302735},\"rotation\":{\"x\":0.0,\"y\":-7.464821294433932e-8,\"z\":0.0}}"}
[2021-09-15 06:20:51.215] Info  {"uid":22,"nickname":"","type":"Move","position":"{\"position\":{\"x\":33.31332778930664,\"y\":0.20033150911331178,\"z\":75.57386016845703},\"rotation\":{\"x\":0.0,\"y\":-6.444406341898912e-9,\"z\":0.0}}"}
[2021-09-15 06:20:51.427] Info  {"uid":22,"nickname":"","type":"Move","position":"{\"position\":{\"x\":33.31332778930664,\"y\":0.200331449508667,\"z\":75.99730682373047},\"rotation\":{\"x\":0.0,\"y\":-7.488370479258322e-10,\"z\":0.0}}"}
[2021-09-15 06:20:51.638] Info  {"uid":22,"nickname":"","type":"Move","position":"{\"position\":{\"x\":33.31332778930664,\"y\":0.20033138990402223,\"z\":76.418701171875},\"rotation\":{\"x\":0.0,\"y\":-6.276101166546866e-11,\"z\":0.0}}"}
[2021-09-15 06:20:51.852] Info  {"uid":22,"nickname":"","type":"Move","position":"{\"position\":{\"x\":33.31332778930664,\"y\":0.20033133029937745,\"z\":76.84693145751953},\"rotation\":{\"x\":0.0,\"y\":-7.324401501973555e-12,\"z\":0.0}}"}
[2021-09-15 06:20:52.055] Info  {"uid":22,"nickname":"","type":"Move","position":"{\"position\":{\"x\":33.31332778930664,\"y\":0.20033127069473267,\"z\":77.25328826904297},\"rotation\":{\"x\":0.0,\"y\":-6.728728360085034e-13,\"z\":0.0}}"}
[2021-09-15 06:20:52.261] Info  {"uid":22,"nickname":"","type":"Move","position":"{\"position\":{\"x\":33.31332778930664,\"y\":0.20033198595046998,\"z\":77.66502380371094},\"rotation\":{\"x\":0.0,\"y\":-7.364731925436213e-14,\"z\":0.0}}"}
[2021-09-15 06:20:52.463] Info  {"uid":22,"nickname":"","type":"Move","position":"{\"position\":{\"x\":33.31332778930664,\"y\":0.2003319263458252,\"z\":78.0676040649414},\"rotation\":{\"x\":0.0,\"y\":-8.061444646046724e-15,\"z\":0.0}}"}
[2021-09-15 06:20:52.680] Info  {"uid":22,"nickname":"","type":"Move","position":"{\"position\":{\"x\":33.31332778930664,\"y\":0.20033186674118043,\"z\":78.49655151367188},\"rotation\":{\"x\":0.0,\"y\":-8.224658683499326e-16,\"z\":0.0}}"}
[2021-09-15 06:20:52.891] Info  {"uid":22,"nickname":"","type":"Move","position":"{\"position\":{\"x\":33.31332778930664,\"y\":0.20033180713653565,\"z\":78.92536163330078},\"rotation\":{\"x\":0.0,\"y\":-9.715594298204423e-17,\"z\":0.0}}"}
[2021-09-15 06:20:53.104] Info  {"uid":22,"nickname":"","type":"Move","position":"{\"position\":{\"x\":33.31332778930664,\"y\":0.2003316879272461,\"z\":79.35087585449219},\"rotation\":{\"x\":0.0,\"y\":-7.758179077513438e-18,\"z\":0.0}}"}
[2021-09-15 06:20:53.313] Info  {"uid":22,"nickname":"","type":"Move","position":"{\"position\":{\"x\":33.31332778930664,\"y\":0.20033162832260133,\"z\":79.77018737792969},\"rotation\":{\"x\":0.0,\"y\":-9.216062780056763e-19,\"z\":0.0}}"}
[2021-09-15 06:20:53.526] Info  {"uid":22,"nickname":"","type":"Move","position":"{\"position\":{\"x\":33.312530517578128,\"y\":0.23338007926940919,\"z\":80.19393157958985},\"rotation\":{\"x\":0.0,\"y\":-8.028180755618096e-20,\"z\":0.0}}"}
[2021-09-15 06:20:53.738] Info  {"uid":22,"nickname":"","type":"Move","position":"{\"position\":{\"x\":33.31183624267578,\"y\":0.2603665590286255,\"z\":80.61407470703125},\"rotation\":{\"x\":0.0,\"y\":-7.730247585758828e-21,\"z\":0.0}}"}
[2021-09-15 06:20:53.938] Info  {"uid":22,"nickname":"","type":"Move","position":"{\"position\":{\"x\":33.31129455566406,\"y\":0.28111976385116579,\"z\":81.01416015625},\"rotation\":{\"x\":0.0,\"y\":-8.93624763634434e-22,\"z\":0.0}}"}
[2021-09-15 06:20:54.149] Info  {"uid":22,"nickname":"","type":"Move","position":"{\"position\":{\"x\":33.310752868652347,\"y\":0.3018339276313782,\"z\":81.43696594238281},\"rotation\":{\"x\":0.0,\"y\":-1.0391557419393279e-22,\"z\":0.0}}"}
[2021-09-15 06:20:54.357] Info  {"uid":22,"nickname":"","type":"Move","position":"{\"position\":{\"x\":33.31016159057617,\"y\":0.324604868888855,\"z\":81.84918212890625},\"rotation\":{\"x\":0.0,\"y\":-9.80401539490648e-24,\"z\":0.0}}"}
[2021-09-15 06:20:54.557] Info  {"uid":22,"nickname":"","type":"Move","position":"{\"position\":{\"x\":33.30961227416992,\"y\":0.34588974714279177,\"z\":82.24911499023438},\"rotation\":{\"x\":0.0,\"y\":-1.0725278911675012e-24,\"z\":0.0}}"}
[2021-09-15 06:20:54.768] Info  {"uid":22,"nickname":"","type":"Move","position":"{\"position\":{\"x\":33.309085845947269,\"y\":0.3663157820701599,\"z\":82.67121887207031},\"rotation\":{\"x\":0.0,\"y\":-1.2961980609674066e-25,\"z\":0.0}}"}
[2021-09-15 06:20:54.979] Info  {"uid":22,"nickname":"","type":"Move","position":"{\"position\":{\"x\":33.30847930908203,\"y\":0.38968998193740847,\"z\":83.09039306640625},\"rotation\":{\"x\":0.0,\"y\":-1.1404099883593515e-26,\"z\":0.0}}"}
[2021-09-15 06:20:55.188] Info  {"uid":22,"nickname":"","type":"Move","position":"{\"position\":{\"x\":33.30791473388672,\"y\":0.411283016204834,\"z\":83.50311279296875},\"rotation\":{\"x\":0.0,\"y\":-1.1535135919963745e-27,\"z\":0.0}}"}
[2021-09-15 06:20:55.394] Info  {"uid":22,"nickname":"","type":"Move","position":"{\"position\":{\"x\":33.30754852294922,\"y\":0.425212562084198,\"z\":83.7393798828125},\"rotation\":{\"x\":0.0,\"y\":-1.2322441636754664e-28,\"z\":0.0}}"}
[2021-09-15 06:20:55.605] Info  {"uid":22,"nickname":"","type":"Idle","position":"{\"position\":{\"x\":33.307498931884769,\"y\":0.4269469380378723,\"z\":83.76271057128906},\"rotation\":{\"x\":0.0,\"y\":-4.3403223662869153e-29,\"z\":0.0}}"}
[2021-09-15 06:23:57.384] Info  {"uid":5556555,"nickname":"","type":"Move","position":"{\"position\":{\"x\":34.342838287353519,\"y\":0.20033133029937745,\"z\":72.10482025146485},\"rotation\":{\"x\":0.0,\"y\":270.0,\"z\":0.0}}"}
[2021-09-15 06:23:57.610] Info  {"uid":5556555,"nickname":"","type":"Idle","position":"{\"position\":{\"x\":34.33153533935547,\"y\":0.20033138990402223,\"z\":72.01893615722656},\"rotation\":{\"x\":0.0,\"y\":192.8572998046875,\"z\":0.0}}"}
[2021-09-15 06:23:58.041] Info  {"uid":5556555,"nickname":"","type":"Move","position":"{\"position\":{\"x\":34.332218170166019,\"y\":0.20033138990402223,\"z\":72.02413177490235},\"rotation\":{\"x\":0.0,\"y\":192.8572998046875,\"z\":0.0}}"}
[2021-09-15 06:23:58.269] Info  {"uid":5556555,"nickname":"","type":"Move","position":"{\"position\":{\"x\":34.360530853271487,\"y\":0.20033133029937745,\"z\":72.23916625976563},\"rotation\":{\"x\":0.0,\"y\":356.3164367675781,\"z\":0.0}}"}
[2021-09-15 06:23:58.507] Info  {"uid":5556555,"nickname":"","type":"Move","position":"{\"position\":{\"x\":34.369625091552737,\"y\":0.20039719343185426,\"z\":72.55570220947266},\"rotation\":{\"x\":0.0,\"y\":0.9830739498138428,\"z\":0.0}}"}
[2021-09-15 06:23:58.722] Info  {"uid":5556555,"nickname":"","type":"Move","position":"{\"position\":{\"x\":34.091712951660159,\"y\":0.20046693086624146,\"z\":72.5096664428711},\"rotation\":{\"x\":0.0,\"y\":308.1705627441406,\"z\":0.0}}"}
[2021-09-15 06:23:58.929] Info  {"uid":5556555,"nickname":"","type":"Move","position":"{\"position\":{\"x\":33.67940902709961,\"y\":0.2004258632659912,\"z\":72.5103530883789},\"rotation\":{\"x\":0.0,\"y\":279.9520568847656,\"z\":0.0}}"}
[2021-09-15 06:23:59.145] Info  {"uid":5556555,"nickname":"","type":"Move","position":"{\"position\":{\"x\":33.34998321533203,\"y\":0.20033186674118043,\"z\":72.718505859375},\"rotation\":{\"x\":0.0,\"y\":297.87615966796877,\"z\":0.0}}"}
[2021-09-15 06:23:59.360] Info  {"uid":5556555,"nickname":"","type":"Move","position":"{\"position\":{\"x\":33.31250762939453,\"y\":0.20033180713653565,\"z\":73.12724304199219},\"rotation\":{\"x\":0.0,\"y\":353.3807067871094,\"z\":0.0}}"}
[2021-09-15 06:23:59.577] Info  {"uid":5556555,"nickname":"","type":"Move","position":"{\"position\":{\"x\":33.36893844604492,\"y\":0.20033174753189088,\"z\":73.55590057373047},\"rotation\":{\"x\":0.0,\"y\":5.453712463378906,\"z\":0.0}}"}
[2021-09-15 06:23:59.807] Info  {"uid":5556555,"nickname":"","type":"Move","position":"{\"position\":{\"x\":33.428131103515628,\"y\":0.20033174753189088,\"z\":74.00550842285156},\"rotation\":{\"x\":0.0,\"y\":7.370355606079102,\"z\":0.0}}"}
[2021-09-15 06:24:00.025] Info  {"uid":5556555,"nickname":"","type":"Move","position":"{\"position\":{\"x\":33.458072662353519,\"y\":0.20033162832260133,\"z\":74.23296356201172},\"rotation\":{\"x\":0.0,\"y\":7.490528583526611,\"z\":0.0}}"}
[2021-09-15 06:24:00.260] Info  {"uid":5556555,"nickname":"","type":"Move","position":"{\"position\":{\"x\":33.61079025268555,\"y\":0.2003316879272461,\"z\":74.22442626953125},\"rotation\":{\"x\":0.0,\"y\":84.69715881347656,\"z\":0.0}}"}
[2021-09-15 06:24:00.476] Info  {"uid":5556555,"nickname":"","type":"Move","position":"{\"position\":{\"x\":34.0041389465332,\"y\":0.20033174753189088,\"z\":74.17264556884766},\"rotation\":{\"x\":0.0,\"y\":96.74706268310547,\"z\":0.0}}"}
[2021-09-15 06:24:00.701] Info  {"uid":5556555,"nickname":"","type":"Move","position":"{\"position\":{\"x\":34.44875717163086,\"y\":0.20033174753189088,\"z\":74.1141128540039},\"rotation\":{\"x\":0.0,\"y\":97.44672393798828,\"z\":0.0}}"}
[2021-09-15 06:24:00.918] Info  {"uid":5556555,"nickname":"","type":"Move","position":"{\"position\":{\"x\":34.879615783691409,\"y\":0.2003312110900879,\"z\":74.0875015258789},\"rotation\":{\"x\":0.0,\"y\":97.49549102783203,\"z\":0.0}}"}
[2021-09-15 06:24:01.138] Info  {"uid":5556555,"nickname":"","type":"Move","position":"{\"position\":{\"x\":35.3175163269043,\"y\":0.20033186674118043,\"z\":74.02985382080078},\"rotation\":{\"x\":0.0,\"y\":97.49937438964844,\"z\":0.0}}"}
[2021-09-15 06:24:01.365] Info  {"uid":5556555,"nickname":"","type":"Move","position":"{\"position\":{\"x\":35.66779327392578,\"y\":0.20033174753189088,\"z\":74.07262420654297},\"rotation\":{\"x\":0.0,\"y\":106.32490539550781,\"z\":0.0}}"}
[2021-09-15 06:24:01.587] Info  {"uid":5556555,"nickname":"","type":"Move","position":"{\"position\":{\"x\":35.763641357421878,\"y\":0.20033186674118043,\"z\":74.09283447265625},\"rotation\":{\"x\":0.0,\"y\":155.3429718017578,\"z\":0.0}}"}
[2021-09-15 06:24:01.796] Info  {"uid":5556555,"nickname":"","type":"Idle","position":"{\"position\":{\"x\":35.7635498046875,\"y\":0.20033186674118043,\"z\":74.0999984741211},\"rotation\":{\"x\":0.0,\"y\":172.62969970703126,\"z\":0.0}}"}
[2021-09-15 06:24:01.957] Info  {"uid":5556555,"nickname":"","type":"Jump","position":"{\"position\":{\"x\":35.762760162353519,\"y\":0.20033186674118043,\"z\":74.09398651123047},\"rotation\":{\"x\":0.0,\"y\":172.62969970703126,\"z\":0.0}}"}
[2021-09-15 06:24:02.002] Info  {"uid":5556555,"nickname":"","type":"Move","position":"{\"position\":{\"x\":35.762760162353519,\"y\":0.20033186674118043,\"z\":74.09398651123047},\"rotation\":{\"x\":0.0,\"y\":172.62969970703126,\"z\":0.0}}"}
[2021-09-15 06:24:02.181] Info  {"uid":5556555,"nickname":"","type":"Move","position":"{\"position\":{\"x\":35.73460388183594,\"y\":0.6634621024131775,\"z\":73.95182037353516},\"rotation\":{\"x\":0.0,\"y\":185.9141845703125,\"z\":0.0}}"}
[2021-09-15 06:24:02.400] Info  {"uid":5556555,"nickname":"","type":"Move","position":"{\"position\":{\"x\":35.6796760559082,\"y\":0.7430033087730408,\"z\":73.54216003417969},\"rotation\":{\"x\":0.0,\"y\":187.3945770263672,\"z\":0.0}}"}
[2021-09-15 06:24:02.615] Info  {"uid":5556555,"nickname":"","type":"Move","position":"{\"position\":{\"x\":35.62269973754883,\"y\":0.7430000305175781,\"z\":73.10933685302735},\"rotation\":{\"x\":0.0,\"y\":187.4922332763672,\"z\":0.0}}"}
[2021-09-15 06:24:02.828] Info  {"uid":5556555,"nickname":"","type":"Move","position":"{\"position\":{\"x\":35.58051681518555,\"y\":0.7430000901222229,\"z\":72.78890991210938},\"rotation\":{\"x\":0.0,\"y\":187.49899291992188,\"z\":0.0}}"}
[2021-09-15 06:24:03.043] Info  {"uid":5556555,"nickname":"","type":"Idle","position":"{\"position\":{\"x\":35.571903228759769,\"y\":0.7335583567619324,\"z\":72.72525787353516},\"rotation\":{\"x\":0.0,\"y\":187.49952697753907,\"z\":0.0}}"}
[2021-09-15 06:24:03.636] Info  {"uid":5556555,"nickname":"","type":"Move","position":"{\"position\":{\"x\":35.56097412109375,\"y\":0.7335042357444763,\"z\":72.7265625},\"rotation\":{\"x\":0.0,\"y\":187.49952697753907,\"z\":0.0}}"}
[2021-09-15 06:24:03.851] Info  {"uid":5556555,"nickname":"","type":"Move","position":"{\"position\":{\"x\":35.34867858886719,\"y\":0.7044493556022644,\"z\":72.75540161132813},\"rotation\":{\"x\":0.0,\"y\":270.5612487792969,\"z\":0.0}}"}
[2021-09-15 06:24:04.063] Info  {"uid":5556555,"nickname":"","type":"Move","position":"{\"position\":{\"x\":35.00624084472656,\"y\":0.438393235206604,\"z\":72.8097915649414},\"rotation\":{\"x\":0.0,\"y\":276.94482421875,\"z\":0.0}}"}
[2021-09-15 06:24:04.274] Info  {"uid":5556555,"nickname":"","type":"Move","position":"{\"position\":{\"x\":35.02767562866211,\"y\":0.20040202140808106,\"z\":72.85160827636719},\"rotation\":{\"x\":0.0,\"y\":277.4482727050781,\"z\":0.0}}"}
[2021-09-15 06:24:04.486] Info  {"uid":5556555,"nickname":"","type":"Idle","position":"{\"position\":{\"x\":35.069671630859378,\"y\":0.20033186674118043,\"z\":72.85991668701172},\"rotation\":{\"x\":0.0,\"y\":277.49517822265627,\"z\":0.0}}"}
[2021-09-15 06:24:04.610] Info  {"uid":5556555,"nickname":"","type":"Move","position":"{\"position\":{\"x\":35.07540512084961,\"y\":0.20033186674118043,\"z\":72.85919189453125},\"rotation\":{\"x\":0.0,\"y\":277.49517822265627,\"z\":0.0}}"}
[2021-09-15 06:24:04.828] Info  {"uid":5556555,"nickname":"","type":"Move","position":"{\"position\":{\"x\":35.27780532836914,\"y\":0.20033198595046998,\"z\":72.8325424194336},\"rotation\":{\"x\":0.0,\"y\":109.77722930908203,\"z\":0.0}}"}
[2021-09-15 06:24:05.041] Info  {"uid":5556555,"nickname":"","type":"Move","position":"{\"position\":{\"x\":35.319087982177737,\"y\":0.20033204555511475,\"z\":72.77373504638672},\"rotation\":{\"x\":0.0,\"y\":98.45563507080078,\"z\":0.0}}"}
[2021-09-15 06:24:05.258] Info  {"uid":5556555,"nickname":"","type":"Move","position":"{\"position\":{\"x\":35.37650680541992,\"y\":0.20033210515975953,\"z\":72.60533905029297},\"rotation\":{\"x\":0.0,\"y\":97.65208435058594,\"z\":0.0}}"}
[2021-09-15 06:24:05.461] Info  {"uid":5556555,"nickname":"","type":"Move","position":"{\"position\":{\"x\":35.45497512817383,\"y\":0.2003312110900879,\"z\":72.51032257080078},\"rotation\":{\"x\":0.0,\"y\":97.51011657714844,\"z\":0.0}}"}
[2021-09-15 06:24:05.688] Info  {"uid":5556555,"nickname":"","type":"Move","position":"{\"position\":{\"x\":35.42605209350586,\"y\":0.20033133029937745,\"z\":72.2906265258789},\"rotation\":{\"x\":0.0,\"y\":181.2537078857422,\"z\":0.0}}"}
[2021-09-15 06:24:05.924] Info  {"uid":5556555,"nickname":"","type":"Move","position":"{\"position\":{\"x\":35.36524963378906,\"y\":0.20033138990402223,\"z\":71.82876586914063},\"rotation\":{\"x\":0.0,\"y\":187.1024627685547,\"z\":0.0}}"}
[2021-09-15 06:24:06.145] Info  {"uid":5556555,"nickname":"","type":"Move","position":"{\"position\":{\"x\":35.39136505126953,\"y\":0.200331449508667,\"z\":71.54948425292969},\"rotation\":{\"x\":0.0,\"y\":169.9011688232422,\"z\":0.0}}"}
[2021-09-15 06:24:06.365] Info  {"uid":5556555,"nickname":"","type":"Move","position":"{\"position\":{\"x\":35.71590805053711,\"y\":0.200331449508667,\"z\":71.47937774658203},\"rotation\":{\"x\":0.0,\"y\":106.94224548339844,\"z\":0.0}}"}
[2021-09-15 06:24:06.566] Info  {"uid":5556555,"nickname":"","type":"Move","position":"{\"position\":{\"x\":36.11830520629883,\"y\":0.20033138990402223,\"z\":71.4263916015625},\"rotation\":{\"x\":0.0,\"y\":98.68291473388672,\"z\":0.0}}"}
[2021-09-15 06:24:06.790] Info  {"uid":5556555,"nickname":"","type":"Move","position":"{\"position\":{\"x\":36.56145095825195,\"y\":0.20033133029937745,\"z\":71.36805725097656},\"rotation\":{\"x\":0.0,\"y\":97.56620025634766,\"z\":0.0}}"}
[2021-09-15 06:24:07.001] Info  {"uid":5556555,"nickname":"","type":"Move","position":"{\"position\":{\"x\":36.980491638183597,\"y\":0.20033138990402223,\"z\":71.31289672851563},\"rotation\":{\"x\":0.0,\"y\":97.50468444824219,\"z\":0.0}}"}
[2021-09-15 06:24:07.204] Info  {"uid":5556555,"nickname":"","type":"Move","position":"{\"position\":{\"x\":37.30619430541992,\"y\":0.20033138990402223,\"z\":71.41447448730469},\"rotation\":{\"x\":0.0,\"y\":72.46432495117188,\"z\":0.0}}"}
[2021-09-15 06:24:07.415] Info  {"uid":5556555,"nickname":"","type":"Move","position":"{\"position\":{\"x\":37.419315338134769,\"y\":0.20033127069473267,\"z\":71.7278060913086},\"rotation\":{\"x\":0.0,\"y\":23.060049057006837,\"z\":0.0}}"}
[2021-09-15 06:24:07.642] Info  {"uid":5556555,"nickname":"","type":"Idle","position":"{\"position\":{\"x\":37.432769775390628,\"y\":0.20033133029937745,\"z\":71.83000183105469},\"rotation\":{\"x\":0.0,\"y\":8.259588241577149,\"z\":0.0}}"}
[2021-09-15 06:25:47.819] Info  {"uid":5556555,"nickname":"","type":"Move","position":"{\"position\":{\"x\":37.43489074707031,\"y\":0.20033133029937745,\"z\":71.835205078125},\"rotation\":{\"x\":0.0,\"y\":8.259588241577149,\"z\":0.0}}"}
[2021-09-15 06:25:48.023] Info  {"uid":5556555,"nickname":"","type":"Move","position":"{\"position\":{\"x\":37.500858306884769,\"y\":0.20033127069473267,\"z\":71.99688720703125},\"rotation\":{\"x\":0.0,\"y\":20.99152183532715,\"z\":0.0}}"}
[2021-09-15 06:25:48.228] Info  {"uid":5556555,"nickname":"","type":"Move","position":"{\"position\":{\"x\":37.646514892578128,\"y\":0.2003312110900879,\"z\":72.35379791259766},\"rotation\":{\"x\":0.0,\"y\":22.019506454467775,\"z\":0.0}}"}
[2021-09-15 06:25:48.430] Info  {"uid":5556555,"nickname":"","type":"Move","position":"{\"position\":{\"x\":37.799530029296878,\"y\":0.2360185980796814,\"z\":72.70703125},\"rotation\":{\"x\":0.0,\"y\":22.180437088012697,\"z\":0.0}}"}
[2021-09-15 06:25:48.642] Info  {"uid":5556555,"nickname":"","type":"Move","position":"{\"position\":{\"x\":37.95939636230469,\"y\":0.27299994230270388,\"z\":73.09053039550781},\"rotation\":{\"x\":0.0,\"y\":22.19792366027832,\"z\":0.0}}"}
[2021-09-15 06:25:48.848] Info  {"uid":5556555,"nickname":"","type":"Move","position":"{\"position\":{\"x\":38.11516571044922,\"y\":0.27300000190734866,\"z\":73.47225189208985},\"rotation\":{\"x\":0.0,\"y\":22.19940757751465,\"z\":0.0}}"}
[2021-09-15 06:25:49.063] Info  {"uid":5556555,"nickname":"","type":"Move","position":"{\"position\":{\"x\":38.27639389038086,\"y\":0.34591591358184817,\"z\":73.83663177490235},\"rotation\":{\"x\":0.0,\"y\":22.199546813964845,\"z\":0.0}}"}
[2021-09-15 06:25:49.273] Info  {"uid":5556555,"nickname":"","type":"Move","position":"{\"position\":{\"x\":38.438968658447269,\"y\":0.3121200203895569,\"z\":74.22331237792969},\"rotation\":{\"x\":0.0,\"y\":24.088848114013673,\"z\":0.0}}"}
[2021-09-15 06:25:49.488] Info  {"uid":5556555,"nickname":"","type":"Move","position":"{\"position\":{\"x\":38.75911331176758,\"y\":0.20033156871795655,\"z\":74.42550659179688},\"rotation\":{\"x\":0.0,\"y\":60.105987548828128,\"z\":0.0}}"}
[2021-09-15 06:25:49.717] Info  {"uid":5556555,"nickname":"","type":"Move","position":"{\"position\":{\"x\":39.19566345214844,\"y\":0.20033156871795655,\"z\":74.30401611328125},\"rotation\":{\"x\":0.0,\"y\":103.15995788574219,\"z\":0.0}}"}
[2021-09-15 06:25:49.931] Info  {"uid":5556555,"nickname":"","type":"Move","position":"{\"position\":{\"x\":39.61557388305664,\"y\":0.2003316879272461,\"z\":74.1964111328125},\"rotation\":{\"x\":0.0,\"y\":102.13832092285156,\"z\":0.0}}"}
[2021-09-15 06:25:50.143] Info  {"uid":5556555,"nickname":"","type":"Move","position":"{\"position\":{\"x\":40.0803337097168,\"y\":0.20033174753189088,\"z\":74.34366607666016},\"rotation\":{\"x\":0.0,\"y\":72.37953186035156,\"z\":0.0}}"}
[2021-09-15 06:25:50.370] Info  {"uid":5556555,"nickname":"","type":"Move","position":"{\"position\":{\"x\":40.36723327636719,\"y\":0.20033150911331178,\"z\":74.71749877929688},\"rotation\":{\"x\":0.0,\"y\":38.27052688598633,\"z\":0.0}}"}
[2021-09-15 06:25:50.581] Info  {"uid":5556555,"nickname":"","type":"Move","position":"{\"position\":{\"x\":40.52634048461914,\"y\":0.20033162832260133,\"z\":75.1073989868164},\"rotation\":{\"x\":0.0,\"y\":24.864391326904298,\"z\":0.0}}"}
[2021-09-15 06:25:50.783] Info  {"uid":5556555,"nickname":"","type":"Move","position":"{\"position\":{\"x\":40.6790885925293,\"y\":0.20033150911331178,\"z\":75.48171997070313},\"rotation\":{\"x\":0.0,\"y\":22.507354736328126,\"z\":0.0}}"}
[2021-09-15 06:25:51.007] Info  {"uid":5556555,"nickname":"","type":"Move","position":"{\"position\":{\"x\":40.90665054321289,\"y\":0.26188910007476809,\"z\":75.81175994873047},\"rotation\":{\"x\":0.0,\"y\":22.22658920288086,\"z\":0.0}}"}
[2021-09-15 06:25:51.207] Info  {"uid":5556555,"nickname":"","type":"Move","position":"{\"position\":{\"x\":41.07533264160156,\"y\":0.21810221672058106,\"z\":76.17003631591797},\"rotation\":{\"x\":0.0,\"y\":22.2020206451416,\"z\":0.0}}"}
[2021-09-15 06:25:51.408] Info  {"uid":5556555,"nickname":"","type":"Move","position":"{\"position\":{\"x\":41.2248420715332,\"y\":0.20033860206604005,\"z\":76.54278564453125},\"rotation\":{\"x\":0.0,\"y\":22.199817657470704,\"z\":0.0}}"}
[2021-09-15 06:25:51.636] Info  {"uid":5556555,"nickname":"","type":"Move","position":"{\"position\":{\"x\":41.397483825683597,\"y\":0.20033127069473267,\"z\":76.96585083007813},\"rotation\":{\"x\":0.0,\"y\":22.199586868286134,\"z\":0.0}}"}
[2021-09-15 06:25:51.846] Info  {"uid":5556555,"nickname":"","type":"Move","position":"{\"position\":{\"x\":41.55602264404297,\"y\":0.20033109188079835,\"z\":77.3543472290039},\"rotation\":{\"x\":0.0,\"y\":22.19956398010254,\"z\":0.0}}"}
[2021-09-15 06:25:52.060] Info  {"uid":5556555,"nickname":"","type":"Move","position":"{\"position\":{\"x\":41.71758270263672,\"y\":0.2003319263458252,\"z\":77.7502670288086},\"rotation\":{\"x\":0.0,\"y\":22.199562072753908,\"z\":0.0}}"}
[2021-09-15 06:25:52.276] Info  {"uid":5556555,"nickname":"","type":"Move","position":"{\"position\":{\"x\":41.88071060180664,\"y\":0.20033186674118043,\"z\":78.15001678466797},\"rotation\":{\"x\":0.0,\"y\":22.199562072753908,\"z\":0.0}}"}
[2021-09-15 06:25:52.477] Info  {"uid":5556555,"nickname":"","type":"Move","position":"{\"position\":{\"x\":41.95711135864258,\"y\":0.20033174753189088,\"z\":78.55210876464844},\"rotation\":{\"x\":0.0,\"y\":9.700299263000489,\"z\":0.0}}"}
[2021-09-15 06:25:52.691] Info  {"uid":5556555,"nickname":"","type":"Move","position":"{\"position\":{\"x\":41.77141571044922,\"y\":0.2003316879272461,\"z\":79.00786590576172},\"rotation\":{\"x\":0.0,\"y\":344.3351135253906,\"z\":0.0}}"}
[2021-09-15 06:25:52.898] Info  {"uid":5556555,"nickname":"","type":"Move","position":"{\"position\":{\"x\":41.4967041015625,\"y\":0.20033174753189088,\"z\":79.3106918334961},\"rotation\":{\"x\":0.0,\"y\":320.44573974609377,\"z\":0.0}}"}
[2021-09-15 06:25:53.104] Info  {"uid":5556555,"nickname":"","type":"Move","position":"{\"position\":{\"x\":41.512451171875,\"y\":0.236305832862854,\"z\":79.69486236572266},\"rotation\":{\"x\":0.0,\"y\":358.9257507324219,\"z\":0.0}}"}
[2021-09-15 06:25:53.319] Info  {"uid":5556555,"nickname":"","type":"Move","position":"{\"position\":{\"x\":41.675254821777347,\"y\":0.2878340482711792,\"z\":80.08702087402344},\"rotation\":{\"x\":0.0,\"y\":17.28972053527832,\"z\":0.0}}"}
[2021-09-15 06:25:53.533] Info  {"uid":5556555,"nickname":"","type":"Move","position":"{\"position\":{\"x\":41.836429595947269,\"y\":0.33642053604125979,\"z\":80.47557067871094},\"rotation\":{\"x\":0.0,\"y\":21.412137985229493,\"z\":0.0}}"}
[2021-09-15 06:25:53.735] Info  {"uid":5556555,"nickname":"","type":"Move","position":"{\"position\":{\"x\":41.989749908447269,\"y\":0.3848232626914978,\"z\":80.8456802368164},\"rotation\":{\"x\":0.0,\"y\":22.073564529418947,\"z\":0.0}}"}
[2021-09-15 06:25:53.936] Info  {"uid":5556555,"nickname":"","type":"Move","position":"{\"position\":{\"x\":42.14058303833008,\"y\":0.4181761145591736,\"z\":81.21341705322266},\"rotation\":{\"x\":0.0,\"y\":22.186920166015626,\"z\":0.0}}"}
[2021-09-15 06:25:54.144] Info  {"uid":5556555,"nickname":"","type":"Move","position":"{\"position\":{\"x\":42.29570388793945,\"y\":0.45101213455200198,\"z\":81.59170532226563},\"rotation\":{\"x\":0.0,\"y\":22.198328018188478,\"z\":0.0}}"}
[2021-09-15 06:25:54.359] Info  {"uid":5556555,"nickname":"","type":"Move","position":"{\"position\":{\"x\":42.459903717041019,\"y\":0.4558115601539612,\"z\":81.99385070800781},\"rotation\":{\"x\":0.0,\"y\":22.199464797973634,\"z\":0.0}}"}
[2021-09-15 06:25:54.559] Info  {"uid":5556555,"nickname":"","type":"Move","position":"{\"position\":{\"x\":42.6112060546875,\"y\":0.4558112621307373,\"z\":82.36460876464844},\"rotation\":{\"x\":0.0,\"y\":22.199552536010743,\"z\":0.0}}"}
[2021-09-15 06:25:54.773] Info  {"uid":5556555,"nickname":"","type":"Move","position":"{\"position\":{\"x\":42.77300262451172,\"y\":0.4558112621307373,\"z\":82.7610855102539},\"rotation\":{\"x\":0.0,\"y\":22.199560165405275,\"z\":0.0}}"}
[2021-09-15 06:25:54.986] Info  {"uid":5556555,"nickname":"","type":"Move","position":"{\"position\":{\"x\":42.91636657714844,\"y\":0.4558112621307373,\"z\":83.1124038696289},\"rotation\":{\"x\":0.0,\"y\":22.199560165405275,\"z\":0.0}}"}
[2021-09-15 06:25:55.198] Info  {"uid":5556555,"nickname":"","type":"Move","position":"{\"position\":{\"x\":42.96621322631836,\"y\":0.45581114292144778,\"z\":83.23454284667969},\"rotation\":{\"x\":0.0,\"y\":22.199562072753908,\"z\":0.0}}"}
[2021-09-15 06:25:55.405] Info  {"uid":5556555,"nickname":"","type":"Idle","position":"{\"position\":{\"x\":42.96621322631836,\"y\":0.4558110237121582,\"z\":83.23454284667969},\"rotation\":{\"x\":0.0,\"y\":22.199562072753908,\"z\":0.0}}"}
[2021-09-15 06:26:49.398] Info  {"uid":5556555,"nickname":"BBBBB","type":"idle","position":"{\"position\":{\"x\":42.96621322631836,\"y\":0.4558110237121582,\"z\":83.23454284667969},\"rotation\":{\"x\":0.0,\"y\":22.199562072753908,\"z\":0.0}}"}
[2021-09-15 06:26:49.584] Info  {"uid":22,"nickname":"ASFASFF","type":"idle","position":"{\"position\":{\"x\":33.307498931884769,\"y\":0.4269469380378723,\"z\":83.76271057128906},\"rotation\":{\"x\":0.0,\"y\":-4.3403223662869153e-29,\"z\":0.0}}"}
[2021-09-15 06:27:33.627] Info  {"uid":5556555,"nickname":"","type":"Move","position":"{\"position\":{\"x\":42.96603012084961,\"y\":0.4558110237121582,\"z\":83.2391128540039},\"rotation\":{\"x\":0.0,\"y\":22.199562072753908,\"z\":0.0}}"}
[2021-09-15 06:27:33.830] Info  {"uid":5556555,"nickname":"","type":"Move","position":"{\"position\":{\"x\":42.95896530151367,\"y\":0.455811083316803,\"z\":83.41509246826172},\"rotation\":{\"x\":0.0,\"y\":0.2056228667497635,\"z\":0.0}}"}
[2021-09-15 06:27:34.052] Info  {"uid":5556555,"nickname":"","type":"Move","position":"{\"position\":{\"x\":42.942264556884769,\"y\":0.455811083316803,\"z\":83.83080291748047},\"rotation\":{\"x\":0.0,\"y\":357.85479736328127,\"z\":0.0}}"}
[2021-09-15 06:27:34.259] Info  {"uid":5556555,"nickname":"","type":"Move","position":"{\"position\":{\"x\":42.92546463012695,\"y\":0.4558108448982239,\"z\":84.24910736083985},\"rotation\":{\"x\":0.0,\"y\":357.7138977050781,\"z\":0.0}}"}
[2021-09-15 06:27:34.486] Info  {"uid":5556555,"nickname":"","type":"Move","position":"{\"position\":{\"x\":42.92831802368164,\"y\":0.45581096410751345,\"z\":84.70146179199219},\"rotation\":{\"x\":0.0,\"y\":359.0803527832031,\"z\":0.0}}"}
[2021-09-15 06:27:34.693] Info  {"uid":5556555,"nickname":"","type":"Move","position":"{\"position\":{\"x\":43.14994812011719,\"y\":0.455811083316803,\"z\":84.97725677490235},\"rotation\":{\"x\":0.0,\"y\":30.280780792236329,\"z\":0.0}}"}
[2021-09-15 06:27:34.916] Info  {"uid":5556555,"nickname":"","type":"Move","position":"{\"position\":{\"x\":43.590423583984378,\"y\":0.4558110237121582,\"z\":85.03101348876953},\"rotation\":{\"x\":0.0,\"y\":79.06582641601563,\"z\":0.0}}"}
[2021-09-15 06:27:35.127] Info  {"uid":5556555,"nickname":"","type":"Move","position":"{\"position\":{\"x\":44.0108528137207,\"y\":0.45581090450286868,\"z\":85.05645751953125},\"rotation\":{\"x\":0.0,\"y\":86.58944702148438,\"z\":0.0}}"}
[2021-09-15 06:27:35.339] Info  {"uid":5556555,"nickname":"","type":"Move","position":"{\"position\":{\"x\":44.350765228271487,\"y\":0.45581090450286868,\"z\":85.27254486083985},\"rotation\":{\"x\":0.0,\"y\":57.396114349365237,\"z\":0.0}}"}
[2021-09-15 06:27:35.560] Info  {"uid":5556555,"nickname":"","type":"Move","position":"{\"position\":{\"x\":44.424659729003909,\"y\":0.4558110237121582,\"z\":85.70341491699219},\"rotation\":{\"x\":0.0,\"y\":11.594261169433594,\"z\":0.0}}"}
[2021-09-15 06:27:35.782] Info  {"uid":5556555,"nickname":"","type":"Move","position":"{\"position\":{\"x\":44.40676498413086,\"y\":0.4558108448982239,\"z\":86.14900970458985},\"rotation\":{\"x\":0.0,\"y\":359.20281982421877,\"z\":0.0}}"}
[2021-09-15 06:27:35.994] Info  {"uid":5556555,"nickname":"","type":"Move","position":"{\"position\":{\"x\":44.38977813720703,\"y\":0.4558107852935791,\"z\":86.57188415527344},\"rotation\":{\"x\":0.0,\"y\":357.8016662597656,\"z\":0.0}}"}
[2021-09-15 06:27:36.199] Info  {"uid":5556555,"nickname":"","type":"Move","position":"{\"position\":{\"x\":44.37336349487305,\"y\":0.45581066608428957,\"z\":86.98062133789063},\"rotation\":{\"x\":0.0,\"y\":357.7086181640625,\"z\":0.0}}"}
[2021-09-15 06:27:36.403] Info  {"uid":5556555,"nickname":"","type":"Move","position":"{\"position\":{\"x\":44.35696792602539,\"y\":0.455810546875,\"z\":87.38874816894531},\"rotation\":{\"x\":0.0,\"y\":357.7007141113281,\"z\":0.0}}"}
[2021-09-15 06:27:36.608] Info  {"uid":5556555,"nickname":"","type":"Move","position":"{\"position\":{\"x\":44.340518951416019,\"y\":0.45581042766571047,\"z\":87.79826354980469},\"rotation\":{\"x\":0.0,\"y\":357.7000427246094,\"z\":0.0}}"}
[2021-09-15 06:27:36.824] Info  {"uid":5556555,"nickname":"","type":"Move","position":"{\"position\":{\"x\":44.32318115234375,\"y\":0.4558103084564209,\"z\":88.22990417480469},\"rotation\":{\"x\":0.0,\"y\":357.6999816894531,\"z\":0.0}}"}
[2021-09-15 06:27:37.040] Info  {"uid":5556555,"nickname":"","type":"Move","position":"{\"position\":{\"x\":44.30580139160156,\"y\":0.45581042766571047,\"z\":88.66248321533203},\"rotation\":{\"x\":0.0,\"y\":357.6999816894531,\"z\":0.0}}"}
[2021-09-15 06:27:37.244] Info  {"uid":5556555,"nickname":"","type":"Move","position":"{\"position\":{\"x\":44.28947448730469,\"y\":0.45581018924713137,\"z\":89.06896209716797},\"rotation\":{\"x\":0.0,\"y\":357.6999816894531,\"z\":0.0}}"}
[2021-09-15 06:27:37.472] Info  {"uid":5556555,"nickname":"","type":"Move","position":"{\"position\":{\"x\":44.29010009765625,\"y\":0.4558103084564209,\"z\":89.52339935302735},\"rotation\":{\"x\":0.0,\"y\":357.6999816894531,\"z\":0.0}}"}
[2021-09-15 06:27:37.696] Info  {"uid":5556555,"nickname":"","type":"Move","position":"{\"position\":{\"x\":44.32286834716797,\"y\":0.45584356784820559,\"z\":89.96576690673828},\"rotation\":{\"x\":0.0,\"y\":357.6999816894531,\"z\":0.0}}"}
[2021-09-15 06:27:37.921] Info  {"uid":5556555,"nickname":"","type":"Move","position":"{\"position\":{\"x\":44.330753326416019,\"y\":0.45582568645477297,\"z\":90.41140747070313},\"rotation\":{\"x\":0.0,\"y\":357.6999816894531,\"z\":0.0}}"}
[2021-09-15 06:27:38.123] Info  {"uid":5556555,"nickname":"","type":"Move","position":"{\"position\":{\"x\":44.316036224365237,\"y\":0.45580995082855227,\"z\":90.81925201416016},\"rotation\":{\"x\":0.0,\"y\":357.6999816894531,\"z\":0.0}}"}
[2021-09-15 06:27:38.346] Info  {"uid":5556555,"nickname":"","type":"Move","position":"{\"position\":{\"x\":44.298133850097659,\"y\":0.45580995082855227,\"z\":91.26488494873047},\"rotation\":{\"x\":0.0,\"y\":357.6999816894531,\"z\":0.0}}"}
[2021-09-15 06:27:38.570] Info  {"uid":5556555,"nickname":"","type":"Move","position":"{\"position\":{\"x\":44.28017044067383,\"y\":0.45580971240997317,\"z\":91.71216583251953},\"rotation\":{\"x\":0.0,\"y\":357.6999816894531,\"z\":0.0}}"}
[2021-09-15 06:27:38.801] Info  {"uid":5556555,"nickname":"","type":"Move","position":"{\"position\":{\"x\":44.261539459228519,\"y\":0.45580971240997317,\"z\":92.17607879638672},\"rotation\":{\"x\":0.0,\"y\":357.6999816894531,\"z\":0.0}}"}
[2021-09-15 06:27:39.019] Info  {"uid":5556555,"nickname":"","type":"Move","position":"{\"position\":{\"x\":44.24409484863281,\"y\":0.45580971240997317,\"z\":92.61038208007813},\"rotation\":{\"x\":0.0,\"y\":357.6999816894531,\"z\":0.0}}"}
[2021-09-15 06:27:39.231] Info  {"uid":5556555,"nickname":"","type":"Move","position":"{\"position\":{\"x\":44.14326095581055,\"y\":0.4558095932006836,\"z\":93.03125},\"rotation\":{\"x\":0.0,\"y\":347.3207702636719,\"z\":0.0}}"}
[2021-09-15 06:27:39.454] Info  {"uid":5556555,"nickname":"","type":"Move","position":"{\"position\":{\"x\":43.76715850830078,\"y\":0.4558095932006836,\"z\":93.29371643066406},\"rotation\":{\"x\":0.0,\"y\":311.2303466796875,\"z\":0.0}}"}
[2021-09-15 06:27:39.662] Info  {"uid":5556555,"nickname":"","type":"Move","position":"{\"position\":{\"x\":43.35078430175781,\"y\":0.45580971240997317,\"z\":93.30563354492188},\"rotation\":{\"x\":0.0,\"y\":275.0750732421875,\"z\":0.0}}"}
[2021-09-15 06:27:39.876] Info  {"uid":5556555,"nickname":"","type":"Move","position":"{\"position\":{\"x\":42.9235725402832,\"y\":0.45580965280532839,\"z\":93.2884750366211},\"rotation\":{\"x\":0.0,\"y\":268.2762145996094,\"z\":0.0}}"}
[2021-09-15 06:27:40.107] Info  {"uid":5556555,"nickname":"","type":"Move","position":"{\"position\":{\"x\":42.65084457397461,\"y\":0.45639413595199587,\"z\":93.46134185791016},\"rotation\":{\"x\":0.0,\"y\":267.74615478515627,\"z\":0.0}}"}
[2021-09-15 06:27:40.325] Info  {"uid":5556555,"nickname":"","type":"Move","position":"{\"position\":{\"x\":42.4116096496582,\"y\":0.456245481967926,\"z\":93.71273040771485},\"rotation\":{\"x\":0.0,\"y\":279.05035400390627,\"z\":0.0}}"}
[2021-09-15 06:27:40.526] Info  {"uid":5556555,"nickname":"","type":"Move","position":"{\"position\":{\"x\":42.24427032470703,\"y\":0.45580941438674929,\"z\":94.01313018798828},\"rotation\":{\"x\":0.0,\"y\":327.5499572753906,\"z\":0.0}}"}
[2021-09-15 06:27:40.746] Info  {"uid":5556555,"nickname":"","type":"Move","position":"{\"position\":{\"x\":42.22414779663086,\"y\":0.4558092951774597,\"z\":94.45269775390625},\"rotation\":{\"x\":0.0,\"y\":354.7086181640625,\"z\":0.0}}"}
[2021-09-15 06:27:40.960] Info  {"uid":5556555,"nickname":"","type":"Move","position":"{\"position\":{\"x\":42.206966400146487,\"y\":0.4558092951774597,\"z\":94.88046264648438},\"rotation\":{\"x\":0.0,\"y\":357.4912109375,\"z\":0.0}}"}
[2021-09-15 06:27:41.166] Info  {"uid":5556555,"nickname":"","type":"Move","position":"{\"position\":{\"x\":42.15711975097656,\"y\":0.45580941438674929,\"z\":95.29131317138672},\"rotation\":{\"x\":0.0,\"y\":352.83721923828127,\"z\":0.0}}"}
[2021-09-15 06:27:41.366] Info  {"uid":5556555,"nickname":"","type":"Move","position":"{\"position\":{\"x\":41.89176559448242,\"y\":0.4558092951774597,\"z\":95.68183898925781},\"rotation\":{\"x\":0.0,\"y\":329.6658630371094,\"z\":0.0}}"}
[2021-09-15 06:27:41.576] Info  {"uid":5556555,"nickname":"","type":"Move","position":"{\"position\":{\"x\":41.553062438964847,\"y\":0.4558091163635254,\"z\":96.08881378173828},\"rotation\":{\"x\":0.0,\"y\":323.4495544433594,\"z\":0.0}}"}
[2021-09-15 06:27:41.777] Info  {"uid":5556555,"nickname":"","type":"Move","position":"{\"position\":{\"x\":41.46854019165039,\"y\":0.45580899715423586,\"z\":96.4867935180664},\"rotation\":{\"x\":0.0,\"y\":348.03277587890627,\"z\":0.0}}"}
[2021-09-15 06:27:41.998] Info  {"uid":5556555,"nickname":"","type":"Move","position":"{\"position\":{\"x\":41.45075225830078,\"y\":0.45580899715423586,\"z\":96.92961120605469},\"rotation\":{\"x\":0.0,\"y\":356.6976013183594,\"z\":0.0}}"}
[2021-09-15 06:27:42.207] Info  {"uid":5556555,"nickname":"","type":"Move","position":"{\"position\":{\"x\":41.43400192260742,\"y\":0.45580899715423586,\"z\":97.3467025756836},\"rotation\":{\"x\":0.0,\"y\":357.6087646484375,\"z\":0.0}}"}
[2021-09-15 06:27:42.410] Info  {"uid":5556555,"nickname":"","type":"Move","position":"{\"position\":{\"x\":41.417842864990237,\"y\":0.45580899715423586,\"z\":97.74900817871094},\"rotation\":{\"x\":0.0,\"y\":357.69171142578127,\"z\":0.0}}"}
[2021-09-15 06:27:42.627] Info  {"uid":5556555,"nickname":"","type":"Move","position":"{\"position\":{\"x\":41.40028381347656,\"y\":0.4558086395263672,\"z\":98.18631744384766},\"rotation\":{\"x\":0.0,\"y\":357.69927978515627,\"z\":0.0}}"}
[2021-09-15 06:27:42.834] Info  {"uid":5556555,"nickname":"","type":"Move","position":"{\"position\":{\"x\":41.38370895385742,\"y\":0.4558085799217224,\"z\":98.59899139404297},\"rotation\":{\"x\":0.0,\"y\":357.6999206542969,\"z\":0.0}}"}
[2021-09-15 06:27:43.034] Info  {"uid":5556555,"nickname":"","type":"Move","position":"{\"position\":{\"x\":41.367637634277347,\"y\":0.4558086395263672,\"z\":98.99929809570313},\"rotation\":{\"x\":0.0,\"y\":357.6999816894531,\"z\":0.0}}"}
[2021-09-15 06:27:43.240] Info  {"uid":5556555,"nickname":"","type":"Move","position":"{\"position\":{\"x\":41.35110092163086,\"y\":0.41691672801971438,\"z\":99.4072265625},\"rotation\":{\"x\":0.0,\"y\":357.6999816894531,\"z\":0.0}}"}
[2021-09-15 06:27:43.471] Info  {"uid":5556555,"nickname":"","type":"Move","position":"{\"position\":{\"x\":41.332637786865237,\"y\":0.35694849491119387,\"z\":99.86006927490235},\"rotation\":{\"x\":0.0,\"y\":357.6999816894531,\"z\":0.0}}"}
[2021-09-15 06:27:43.676] Info  {"uid":5556555,"nickname":"","type":"Move","position":"{\"position\":{\"x\":41.31613540649414,\"y\":0.30173659324645998,\"z\":100.2666244506836},\"rotation\":{\"x\":0.0,\"y\":357.6999816894531,\"z\":0.0}}"}
[2021-09-15 06:27:43.888] Info  {"uid":5556555,"nickname":"","type":"Move","position":"{\"position\":{\"x\":41.29907989501953,\"y\":0.24194490909576417,\"z\":100.68437194824219},\"rotation\":{\"x\":0.0,\"y\":357.6999816894531,\"z\":0.0}}"}
[2021-09-15 06:27:44.115] Info  {"uid":5556555,"nickname":"","type":"Move","position":"{\"position\":{\"x\":41.280879974365237,\"y\":0.20033353567123414,\"z\":101.13382720947266},\"rotation\":{\"x\":0.0,\"y\":357.6999816894531,\"z\":0.0}}"}
[2021-09-15 06:27:44.326] Info  {"uid":5556555,"nickname":"","type":"Move","position":"{\"position\":{\"x\":41.26397705078125,\"y\":0.20033138990402223,\"z\":101.55455780029297},\"rotation\":{\"x\":0.0,\"y\":357.6999816894531,\"z\":0.0}}"}
[2021-09-15 06:27:44.534] Info  {"uid":5556555,"nickname":"","type":"Move","position":"{\"position\":{\"x\":41.247314453125,\"y\":0.20033127069473267,\"z\":101.96928405761719},\"rotation\":{\"x\":0.0,\"y\":357.6999816894531,\"z\":0.0}}"}
[2021-09-15 06:27:44.745] Info  {"uid":5556555,"nickname":"","type":"Move","position":"{\"position\":{\"x\":41.23052978515625,\"y\":0.2003312110900879,\"z\":102.3871078491211},\"rotation\":{\"x\":0.0,\"y\":357.6999816894531,\"z\":0.0}}"}
[2021-09-15 06:27:44.949] Info  {"uid":5556555,"nickname":"","type":"Move","position":"{\"position\":{\"x\":41.213958740234378,\"y\":0.2003319263458252,\"z\":102.79971313476563},\"rotation\":{\"x\":0.0,\"y\":357.6999816894531,\"z\":0.0}}"}
[2021-09-15 06:27:45.149] Info  {"uid":5556555,"nickname":"","type":"Move","position":"{\"position\":{\"x\":41.19785690307617,\"y\":0.20033186674118043,\"z\":103.20053100585938},\"rotation\":{\"x\":0.0,\"y\":357.6999816894531,\"z\":0.0}}"}
[2021-09-15 06:27:45.352] Info  {"uid":5556555,"nickname":"","type":"Move","position":"{\"position\":{\"x\":41.181556701660159,\"y\":0.20033186674118043,\"z\":103.60636138916016},\"rotation\":{\"x\":0.0,\"y\":357.6999816894531,\"z\":0.0}}"}
[2021-09-15 06:27:45.565] Info  {"uid":5556555,"nickname":"","type":"Move","position":"{\"position\":{\"x\":41.164493560791019,\"y\":0.20033174753189088,\"z\":104.03116607666016},\"rotation\":{\"x\":0.0,\"y\":357.6999816894531,\"z\":0.0}}"}
[2021-09-15 06:27:45.774] Info  {"uid":5556555,"nickname":"","type":"Move","position":"{\"position\":{\"x\":41.14768600463867,\"y\":0.20033162832260133,\"z\":104.44971466064453},\"rotation\":{\"x\":0.0,\"y\":357.6999816894531,\"z\":0.0}}"}
[2021-09-15 06:27:45.986] Info  {"uid":5556555,"nickname":"","type":"Move","position":"{\"position\":{\"x\":41.130706787109378,\"y\":0.20033162832260133,\"z\":104.8723373413086},\"rotation\":{\"x\":0.0,\"y\":357.6999816894531,\"z\":0.0}}"}
[2021-09-15 06:27:46.215] Info  {"uid":5556555,"nickname":"","type":"Move","position":"{\"position\":{\"x\":41.11227035522461,\"y\":0.20033150911331178,\"z\":105.33145141601563},\"rotation\":{\"x\":0.0,\"y\":357.6999816894531,\"z\":0.0}}"}
[2021-09-15 06:27:46.433] Info  {"uid":5556555,"nickname":"","type":"Move","position":"{\"position\":{\"x\":41.09477996826172,\"y\":0.20033150911331178,\"z\":105.76704406738281},\"rotation\":{\"x\":0.0,\"y\":357.6999816894531,\"z\":0.0}}"}
[2021-09-15 06:27:46.651] Info  {"uid":5556555,"nickname":"","type":"Move","position":"{\"position\":{\"x\":41.07733154296875,\"y\":0.20033138990402223,\"z\":106.20145416259766},\"rotation\":{\"x\":0.0,\"y\":357.6999816894531,\"z\":0.0}}"}
[2021-09-15 06:27:46.841] Info  {"uid":5556555,"nickname":"","type":"Jump","position":"{\"position\":{\"x\":41.062068939208987,\"y\":0.20033138990402223,\"z\":106.58138275146485},\"rotation\":{\"x\":0.0,\"y\":357.6999816894531,\"z\":0.0}}"}
[2021-09-15 06:27:46.886] Info  {"uid":5556555,"nickname":"","type":"Move","position":"{\"position\":{\"x\":41.06023406982422,\"y\":0.2664073705673218,\"z\":106.6270751953125},\"rotation\":{\"x\":0.0,\"y\":357.6999816894531,\"z\":0.0}}"}
[2021-09-15 06:27:47.079] Info  {"uid":5556555,"nickname":"","type":"Move","position":"{\"position\":{\"x\":41.0429573059082,\"y\":0.711347222328186,\"z\":107.0572280883789},\"rotation\":{\"x\":0.0,\"y\":357.6999816894531,\"z\":0.0}}"}
[2021-09-15 06:27:47.296] Info  {"uid":5556555,"nickname":"","type":"Move","position":"{\"position\":{\"x\":41.02561569213867,\"y\":0.7551904916763306,\"z\":107.48973846435547},\"rotation\":{\"x\":0.0,\"y\":357.6999816894531,\"z\":0.0}}"}
[2021-09-15 06:27:47.506] Info  {"uid":5556555,"nickname":"","type":"Move","position":"{\"position\":{\"x\":41.0086669921875,\"y\":0.5749716758728027,\"z\":107.91162872314453},\"rotation\":{\"x\":0.0,\"y\":357.6999816894531,\"z\":0.0}}"}
[2021-09-15 06:27:47.710] Info  {"uid":5556555,"nickname":"","type":"Move","position":"{\"position\":{\"x\":40.985435485839847,\"y\":0.064281165599823,\"z\":108.28318786621094},\"rotation\":{\"x\":0.0,\"y\":356.610107421875,\"z\":0.0}}"}
[2021-09-15 06:27:47.925] Info  {"uid":5556555,"nickname":"","type":"Move","position":"{\"position\":{\"x\":40.77109909057617,\"y\":0.08254915475845337,\"z\":108.42313385009766},\"rotation\":{\"x\":0.0,\"y\":306.2149658203125,\"z\":0.0}}"}
[2021-09-15 06:27:48.146] Info  {"uid":5556555,"nickname":"","type":"Move","position":"{\"position\":{\"x\":40.3381233215332,\"y\":0.0809512734413147,\"z\":108.40589904785156},\"rotation\":{\"x\":0.0,\"y\":271.36077880859377,\"z\":0.0}}"}
[2021-09-15 06:27:48.350] Info  {"uid":5556555,"nickname":"","type":"Move","position":"{\"position\":{\"x\":39.94126892089844,\"y\":0.08046483993530274,\"z\":108.4139175415039},\"rotation\":{\"x\":0.0,\"y\":272.0455017089844,\"z\":0.0}}"}
[2021-09-15 06:27:48.565] Info  {"uid":5556555,"nickname":"","type":"Move","position":"{\"position\":{\"x\":39.71285629272461,\"y\":0.10752445459365845,\"z\":108.6539535522461},\"rotation\":{\"x\":0.0,\"y\":314.2666320800781,\"z\":0.0}}"}
[2021-09-15 06:27:48.773] Info  {"uid":5556555,"nickname":"","type":"Move","position":"{\"position\":{\"x\":39.686710357666019,\"y\":0.15728813409805299,\"z\":109.06230926513672},\"rotation\":{\"x\":0.0,\"y\":351.0228576660156,\"z\":0.0}}"}
[2021-09-15 06:27:48.993] Info  {"uid":5556555,"nickname":"","type":"Move","position":"{\"position\":{\"x\":39.66911697387695,\"y\":0.21553176641464234,\"z\":109.49278259277344},\"rotation\":{\"x\":0.0,\"y\":357.1996154785156,\"z\":0.0}}"}
[2021-09-15 06:27:49.212] Info  {"uid":5556555,"nickname":"","type":"Move","position":"{\"position\":{\"x\":39.65129852294922,\"y\":0.2631371021270752,\"z\":109.92526245117188},\"rotation\":{\"x\":0.0,\"y\":357.658935546875,\"z\":0.0}}"}
[2021-09-15 06:27:49.430] Info  {"uid":5556555,"nickname":"","type":"Move","position":"{\"position\":{\"x\":39.633384704589847,\"y\":0.29877376556396487,\"z\":110.35829162597656},\"rotation\":{\"x\":0.0,\"y\":357.6968078613281,\"z\":0.0}}"}
[2021-09-15 06:27:49.648] Info  {"uid":5556555,"nickname":"","type":"Move","position":"{\"position\":{\"x\":39.6154670715332,\"y\":0.3351154327392578,\"z\":110.79106140136719},\"rotation\":{\"x\":0.0,\"y\":357.69970703125,\"z\":0.0}}"}
[2021-09-15 06:27:49.850] Info  {"uid":5556555,"nickname":"","type":"Move","position":"{\"position\":{\"x\":39.598915100097659,\"y\":0.367822527885437,\"z\":111.1911392211914},\"rotation\":{\"x\":0.0,\"y\":357.699951171875,\"z\":0.0}}"}
[2021-09-15 06:27:50.059] Info  {"uid":5556555,"nickname":"","type":"Move","position":"{\"position\":{\"x\":39.58171844482422,\"y\":0.39852505922317507,\"z\":111.60797882080078},\"rotation\":{\"x\":0.0,\"y\":357.6999816894531,\"z\":0.0}}"}
[2021-09-15 06:27:50.259] Info  {"uid":5556555,"nickname":"","type":"Move","position":"{\"position\":{\"x\":39.565147399902347,\"y\":0.42738115787506106,\"z\":112.00623321533203},\"rotation\":{\"x\":0.0,\"y\":357.6999816894531,\"z\":0.0}}"}
[2021-09-15 06:27:50.471] Info  {"uid":5556555,"nickname":"","type":"Move","position":"{\"position\":{\"x\":39.54767990112305,\"y\":0.45059633255004885,\"z\":112.4246597290039},\"rotation\":{\"x\":0.0,\"y\":357.6999816894531,\"z\":0.0}}"}
[2021-09-15 06:27:50.695] Info  {"uid":5556555,"nickname":"","type":"Move","position":"{\"position\":{\"x\":39.52947235107422,\"y\":0.45581114292144778,\"z\":112.87548065185547},\"rotation\":{\"x\":0.0,\"y\":357.6999816894531,\"z\":0.0}}"}
[2021-09-15 06:27:50.907] Info  {"uid":5556555,"nickname":"","type":"Move","position":"{\"position\":{\"x\":39.51248550415039,\"y\":0.4558110237121582,\"z\":113.29829406738281},\"rotation\":{\"x\":0.0,\"y\":357.6999816894531,\"z\":0.0}}"}
[2021-09-15 06:27:51.107] Info  {"uid":5556555,"nickname":"","type":"Move","position":"{\"position\":{\"x\":39.49641418457031,\"y\":0.45581114292144778,\"z\":113.69845581054688},\"rotation\":{\"x\":0.0,\"y\":357.6999816894531,\"z\":0.0}}"}
[2021-09-15 06:27:51.325] Info  {"uid":5556555,"nickname":"","type":"Move","position":"{\"position\":{\"x\":39.39247131347656,\"y\":0.45581090450286868,\"z\":114.13031768798828},\"rotation\":{\"x\":0.0,\"y\":346.9059753417969,\"z\":0.0}}"}
[2021-09-15 06:27:51.541] Info  {"uid":5556555,"nickname":"","type":"Move","position":"{\"position\":{\"x\":39.023521423339847,\"y\":0.45581090450286868,\"z\":114.54747009277344},\"rotation\":{\"x\":0.0,\"y\":320.56732177734377,\"z\":0.0}}"}
[2021-09-15 06:27:51.757] Info  {"uid":5556555,"nickname":"","type":"Move","position":"{\"position\":{\"x\":38.57541275024414,\"y\":0.4558108448982239,\"z\":114.9281005859375},\"rotation\":{\"x\":0.0,\"y\":312.315185546875,\"z\":0.0}}"}
[2021-09-15 06:27:51.971] Info  {"uid":5556555,"nickname":"","type":"Move","position":"{\"position\":{\"x\":38.14166259765625,\"y\":0.4558108448982239,\"z\":115.0619125366211},\"rotation\":{\"x\":0.0,\"y\":288.91259765625,\"z\":0.0}}"}
[2021-09-15 06:27:52.175] Info  {"uid":5556555,"nickname":"","type":"Move","position":"{\"position\":{\"x\":37.73358154296875,\"y\":0.4558108448982239,\"z\":115.04552459716797},\"rotation\":{\"x\":0.0,\"y\":269.7232971191406,\"z\":0.0}}"}
[2021-09-15 06:27:52.387] Info  {"uid":5556555,"nickname":"","type":"Move","position":"{\"position\":{\"x\":37.32107162475586,\"y\":0.4558108448982239,\"z\":115.02894592285156},\"rotation\":{\"x\":0.0,\"y\":267.893310546875,\"z\":0.0}}"}
[2021-09-15 06:27:52.590] Info  {"uid":5556555,"nickname":"","type":"Move","position":"{\"position\":{\"x\":36.90616989135742,\"y\":0.45581090450286868,\"z\":115.01229095458985},\"rotation\":{\"x\":0.0,\"y\":267.71844482421877,\"z\":0.0}}"}
[2021-09-15 06:27:52.790] Info  {"uid":5556555,"nickname":"","type":"Move","position":"{\"position\":{\"x\":36.5050048828125,\"y\":0.4558107852935791,\"z\":114.99617767333985},\"rotation\":{\"x\":0.0,\"y\":267.70184326171877,\"z\":0.0}}"}
[2021-09-15 06:27:53.007] Info  {"uid":5556555,"nickname":"","type":"Move","position":"{\"position\":{\"x\":36.07315444946289,\"y\":0.4558107256889343,\"z\":114.97883605957031},\"rotation\":{\"x\":0.0,\"y\":267.70013427734377,\"z\":0.0}}"}
[2021-09-15 06:27:53.217] Info  {"uid":5556555,"nickname":"","type":"Move","position":"{\"position\":{\"x\":35.65141296386719,\"y\":0.4558108448982239,\"z\":114.9618911743164},\"rotation\":{\"x\":0.0,\"y\":267.6999816894531,\"z\":0.0}}"}
[2021-09-15 06:27:53.430] Info  {"uid":5556555,"nickname":"","type":"Move","position":"{\"position\":{\"x\":35.33096694946289,\"y\":0.44622617959976199,\"z\":114.94898223876953},\"rotation\":{\"x\":0.0,\"y\":267.6999816894531,\"z\":0.0}}"}
[2021-09-15 06:27:53.645] Info  {"uid":5556555,"nickname":"","type":"Idle","position":"{\"position\":{\"x\":35.26744079589844,\"y\":0.4376536011695862,\"z\":114.94640350341797},\"rotation\":{\"x\":0.0,\"y\":267.6999816894531,\"z\":0.0}}"}
[2021-09-15 06:27:57.855] Info  {"uid":5556555,"nickname":"","type":"Move","position":"{\"position\":{\"x\":35.265201568603519,\"y\":0.4376470446586609,\"z\":114.9481201171875},\"rotation\":{\"x\":0.0,\"y\":267.6999816894531,\"z\":0.0}}"}
[2021-09-15 06:27:58.062] Info  {"uid":5556555,"nickname":"","type":"Move","position":"{\"position\":{\"x\":35.133792877197269,\"y\":0.42832374572753909,\"z\":115.05259704589844},\"rotation\":{\"x\":0.0,\"y\":302.1521911621094,\"z\":0.0}}"}
[2021-09-15 06:27:58.261] Info  {"uid":5556555,"nickname":"","type":"Move","position":"{\"position\":{\"x\":34.844364166259769,\"y\":0.40009480714797976,\"z\":115.28334045410156},\"rotation\":{\"x\":0.0,\"y\":307.6248474121094,\"z\":0.0}}"}
[2021-09-15 06:27:58.468] Info  {"uid":5556555,"nickname":"","type":"Move","position":"{\"position\":{\"x\":34.52287292480469,\"y\":0.36954832077026369,\"z\":115.53919219970703},\"rotation\":{\"x\":0.0,\"y\":308.21630859375,\"z\":0.0}}"}
[2021-09-15 06:27:58.681] Info  {"uid":5556555,"nickname":"","type":"Move","position":"{\"position\":{\"x\":34.191524505615237,\"y\":0.33683520555496218,\"z\":115.80339050292969},\"rotation\":{\"x\":0.0,\"y\":308.2923583984375,\"z\":0.0}}"}
[2021-09-15 06:27:58.903] Info  {"uid":5556555,"nickname":"","type":"Move","position":"{\"position\":{\"x\":33.86448287963867,\"y\":0.3035516142845154,\"z\":116.0642318725586},\"rotation\":{\"x\":0.0,\"y\":308.2994079589844,\"z\":0.0}}"}
[2021-09-15 06:27:59.110] Info  {"uid":5556555,"nickname":"","type":"Move","position":"{\"position\":{\"x\":33.72526168823242,\"y\":0.2877139449119568,\"z\":116.17538452148438},\"rotation\":{\"x\":0.0,\"y\":308.2999572753906,\"z\":0.0}}"}
[2021-09-15 06:27:59.312] Info  {"uid":5556555,"nickname":"","type":"Idle","position":"{\"position\":{\"x\":33.721309661865237,\"y\":0.28655511140823367,\"z\":116.17857360839844},\"rotation\":{\"x\":0.0,\"y\":308.29998779296877,\"z\":0.0}}"}
[2021-09-15 06:28:19.217] Info  {"uid":5556555,"nickname":"","type":"Move","position":"{\"position\":{\"x\":33.7192268371582,\"y\":0.28655046224594118,\"z\":116.17974090576172},\"rotation\":{\"x\":0.0,\"y\":308.29998779296877,\"z\":0.0}}"}
[2021-09-15 06:28:19.429] Info  {"uid":5556555,"nickname":"","type":"Move","position":"{\"position\":{\"x\":33.57059097290039,\"y\":0.2743822932243347,\"z\":116.26587677001953},\"rotation\":{\"x\":0.0,\"y\":300.6519775390625,\"z\":0.0}}"}
[2021-09-15 06:28:19.630] Info  {"uid":5556555,"nickname":"","type":"Move","position":"{\"position\":{\"x\":33.245460510253909,\"y\":0.2439921498298645,\"z\":116.45453643798828},\"rotation\":{\"x\":0.0,\"y\":300.0380859375,\"z\":0.0}}"}
[2021-09-15 06:28:19.834] Info  {"uid":5556555,"nickname":"","type":"Move","position":"{\"position\":{\"x\":32.89554977416992,\"y\":0.21209675073623658,\"z\":116.65752410888672},\"rotation\":{\"x\":0.0,\"y\":299.9161376953125,\"z\":0.0}}"}
[2021-09-15 06:28:20.053] Info  {"uid":5556555,"nickname":"","type":"Move","position":"{\"position\":{\"x\":32.51970672607422,\"y\":0.17367708683013917,\"z\":116.87555694580078},\"rotation\":{\"x\":0.0,\"y\":299.90118408203127,\"z\":0.0}}"}
[2021-09-15 06:28:20.256] Info  {"uid":5556555,"nickname":"","type":"Move","position":"{\"position\":{\"x\":32.16984176635742,\"y\":0.13892662525177003,\"z\":117.07869720458985},\"rotation\":{\"x\":0.0,\"y\":299.9001159667969,\"z\":0.0}}"}
[2021-09-15 06:28:20.473] Info  {"uid":5556555,"nickname":"","type":"Move","position":"{\"position\":{\"x\":31.79735565185547,\"y\":0.10426777601242066,\"z\":117.29472351074219},\"rotation\":{\"x\":0.0,\"y\":299.9000244140625,\"z\":0.0}}"}
[2021-09-15 06:28:20.690] Info  {"uid":5556555,"nickname":"","type":"Move","position":"{\"position\":{\"x\":31.53755760192871,\"y\":0.07473629713058472,\"z\":117.44573974609375},\"rotation\":{\"x\":0.0,\"y\":299.8999938964844,\"z\":0.0}}"}
[2021-09-15 06:28:20.904] Info  {"uid":5556555,"nickname":"","type":"Idle","position":"{\"position\":{\"x\":31.498552322387697,\"y\":0.06933295726776123,\"z\":117.46846008300781},\"rotation\":{\"x\":0.0,\"y\":299.8999938964844,\"z\":0.0}}"}
[2021-09-15 06:28:21.115] Info  {"uid":5556555,"nickname":"","type":"Move","position":"{\"position\":{\"x\":31.495901107788087,\"y\":0.06932926177978516,\"z\":117.46391296386719},\"rotation\":{\"x\":0.0,\"y\":299.8999938964844,\"z\":0.0}}"}
[2021-09-15 06:28:21.316] Info  {"uid":5556555,"nickname":"","type":"Move","position":"{\"position\":{\"x\":31.41179656982422,\"y\":0.06263047456741333,\"z\":117.3165512084961},\"rotation\":{\"x\":0.0,\"y\":219.58843994140626,\"z\":0.0}}"}
[2021-09-15 06:28:21.530] Info  {"uid":5556555,"nickname":"","type":"Move","position":"{\"position\":{\"x\":31.213150024414064,\"y\":0.043594181537628177,\"z\":116.9678955078125},\"rotation\":{\"x\":0.0,\"y\":210.79339599609376,\"z\":0.0}}"}
[2021-09-15 06:28:21.752] Info  {"uid":5556555,"nickname":"","type":"Move","position":"{\"position\":{\"x\":30.99850082397461,\"y\":0.023618638515472413,\"z\":116.59127044677735},\"rotation\":{\"x\":0.0,\"y\":209.99122619628907,\"z\":0.0}}"}
[2021-09-15 06:28:21.956] Info  {"uid":5556555,"nickname":"","type":"Move","position":"{\"position\":{\"x\":30.72520637512207,\"y\":-0.002350449562072754,\"z\":116.34722137451172},\"rotation\":{\"x\":0.0,\"y\":231.307373046875,\"z\":0.0}}"}
[2021-09-15 06:28:22.169] Info  {"uid":5556555,"nickname":"","type":"Move","position":"{\"position\":{\"x\":30.355812072753908,\"y\":-0.03836929798126221,\"z\":116.44615173339844},\"rotation\":{\"x\":0.0,\"y\":282.59759521484377,\"z\":0.0}}"}
[2021-09-15 06:28:22.377] Info  {"uid":5556555,"nickname":"","type":"Move","position":"{\"position\":{\"x\":30.014835357666017,\"y\":-0.19820883870124818,\"z\":116.64999389648438},\"rotation\":{\"x\":0.0,\"y\":297.4271545410156,\"z\":0.0}}"}
[2021-09-15 06:28:22.592] Info  {"uid":5556555,"nickname":"","type":"Move","position":"{\"position\":{\"x\":29.654178619384767,\"y\":-0.8050139546394348,\"z\":116.86725616455078},\"rotation\":{\"x\":0.0,\"y\":299.6432189941406,\"z\":0.0}}"}
[2021-09-15 06:28:22.796] Info  {"uid":5556555,"nickname":"","type":"Move","position":"{\"position\":{\"x\":29.336576461791993,\"y\":-1.7686747312545777,\"z\":117.05886840820313},\"rotation\":{\"x\":0.0,\"y\":299.8757019042969,\"z\":0.0}}"}
[2021-09-15 06:28:23.015] Info  {"uid":5556555,"nickname":"","type":"Move","position":"{\"position\":{\"x\":29.201730728149415,\"y\":-3.281923294067383,\"z\":117.14628601074219},\"rotation\":{\"x\":0.0,\"y\":299.8976745605469,\"z\":0.0}}"}
[2021-09-15 06:28:23.232] Info  {"uid":5556555,"nickname":"","type":"Idle","position":"{\"position\":{\"x\":29.217506408691408,\"y\":-5.269975662231445,\"z\":117.1470947265625},\"rotation\":{\"x\":0.0,\"y\":299.8986511230469,\"z\":0.0}}"}
[2021-09-15 07:58:17.593] Info  {"uid":123,"nickname":"nick1","type":"Idle","position":"position1"}
[2021-09-15 08:06:55.631] Info  {"uid":123,"nickname":"nick1","type":"Idle","position":"position1"}
[2021-09-15 08:08:27.126] Info  {"uid":123,"nickname":"nick1","type":"Idle","position":"position1"}
[2021-09-15 08:10:42.129] Info  {"uid":123,"nickname":"nick1","type":"Idle","position":"position1"}
[2021-09-15 08:12:01.529] Info  {"uid":123,"nickname":"nick1","type":"Idle","position":"position1"}
[2021-09-15 08:12:41.029] Info  {"uid":123,"nickname":"nick1","type":"Idle","position":"position1"}
[2021-09-15 08:13:11.037] Info  {"uid":123,"nickname":"nick1","type":"Idle","position":"position1"}
[2021-09-16 01:48:42.211] Info  {"uid":123,"nickname":"tester","receiverUid":213}
[2021-09-16 01:49:15.611] Info  {"uid":123,"nickname":"tester","receiverUid":213}
[2021-09-16 01:53:41.123] Info  {"uid":123,"nickname":"tester","receiverUid":213}
[2021-09-16 01:55:56.933] Info  {"uid":123,"nickname":"tester","receiverUid":213}
[2021-09-16 01:56:21.620] Info  {"uid":123,"nickname":"tester","receiverUid":213}
[2021-09-24 01:53:43.366] Info  {"uid":123,"nickname":"nick1","type":"Idle","position":"position1"}
[2021-09-24 01:53:44.846] Info  {"uid":456,"nickname":"nick2","type":"Idle","position":"position2","channelID":1}
[2021-09-24 01:53:44.867] Error  "There is Missing Key(s) : requestChatConfirm"
[2021-09-24 01:55:20.945] Info  {"uid":123,"nickname":"nick1","type":"Idle","position":"position1"}
[2021-09-24 01:55:22.113] Info  {"uid":456,"nickname":"nick2","type":"Idle","position":"position2","channelID":1}
[2021-09-24 01:55:22.115] Error  "There is Missing Key(s) : requestChatConfirm"
[2021-09-24 01:56:04.108] Info  {"uid":123,"nickname":"nick1","type":"Idle","position":"position1"}
[2021-09-24 01:56:09.327] Info  {"uid":123,"nickname":"nick1","type":"Idle","position":"position1"}
[2021-09-24 01:57:32.286] Info  {"uid":123,"nickname":"nick1","type":"Idle","position":"position1"}
[2021-09-24 01:58:57.668] Info  {"uid":123,"nickname":"nick1","type":"Idle","position":"position1"}
[2021-09-24 01:59:45.893] Info  {"uid":123,"nickname":"nick1","type":"Idle","position":"position1"}
[2021-09-24 02:00:36.459] Info  {"uid":123,"nickname":"nick1","type":"Idle","position":"position1"}
[2021-09-24 02:01:19.018] Info  {"uid":123,"nickname":"nick1","type":"Idle","position":"position1"}
[2021-09-24 02:01:23.382] Info  {"uid":456,"nickname":"nick2","type":"Idle","position":"position2","channelID":1}
[2021-09-24 02:01:23.400] Error  "There is Missing Key(s) : requestChatConfirm"
[2021-09-24 02:02:51.790] Info  {"uid":123,"nickname":"nick1","type":"Idle","position":"position1"}
[2021-09-24 02:03:14.801] Info  {"uid":123,"nickname":"nick1","type":"Idle","position":"position1"}
[2021-09-24 02:03:29.224] Info  {"uid":123,"nickname":"nick1","type":"Idle","position":"position1"}
[2021-09-24 02:04:37.036] Info  {"uid":123,"nickname":"nick1","type":"Idle","position":"position1"}
[2021-09-24 02:05:23.288] Info  {"uid":123,"nickname":"nick1","type":"Idle","position":"position1"}
[2021-09-24 02:05:37.513] Info  {"uid":123,"nickname":"nick1","type":"Idle","position":"position1"}
[2021-09-24 02:07:20.092] Info  {"uid":123,"nickname":"nick1","type":"Idle","position":"position1"}
[2021-09-24 02:07:23.798] Info  {"uid":456,"nickname":"nick2","type":"Idle","position":"position2","channelID":1}
[2021-09-24 02:07:23.816] Error  "There is Missing Key(s) : requestChatConfirm"
[2021-09-24 02:07:48.646] Info  {"uid":123,"nickname":"nick1","type":"Idle","position":"position1"}
[2021-09-24 02:07:49.199] Info  {"uid":456,"nickname":"nick2","type":"Idle","position":"position2","channelID":1}
[2021-09-24 02:07:49.214] Error  "There is Missing Key(s) : requestChatConfirm"
[2021-09-24 02:08:39.313] Info  {"uid":123,"nickname":"nick1","type":"Idle","position":"position1"}
[2021-09-24 02:11:11.986] Info  {"uid":123,"nickname":"nick1","type":"Idle","position":"position1"}
[2021-09-24 02:11:12.637] Info  {"uid":456,"nickname":"nick2","type":"Idle","position":"position2","channelID":1}
[2021-09-24 02:11:12.655] Error  "There is Missing Key(s) : requestChatConfirm"
[2021-09-24 02:13:12.427] Info  {"uid":123,"nickname":"nick1","type":"Idle","position":"position1"}
[2021-09-24 02:14:12.600] Info  {"uid":123,"nickname":"nick1","type":"Idle","position":"position1"}
[2021-09-24 02:15:02.521] Info  {"uid":123,"nickname":"nick1","type":"Idle","position":"position1"}
[2021-09-24 02:15:03.629] Info  {"uid":456,"nickname":"nick2","type":"Idle","position":"position2","channelID":1}
[2021-09-24 02:15:03.649] Error  "There is Missing Key(s) : requestChatConfirm"
[2021-09-24 02:16:37.322] Info  {"uid":123,"nickname":"nick1","type":"Idle","position":"position1"}
[2021-09-24 02:16:37.815] Info  {"uid":456,"nickname":"nick2","type":"Idle","position":"position2","channelID":1}
[2021-09-24 02:16:37.832] Error  "There is Missing Key(s) : requestChatConfirm"
[2021-09-24 02:19:58.497] Info  {"uid":123,"nickname":"nick1","type":"Idle","position":"position1"}
[2021-09-24 02:19:58.966] Info  {"uid":456,"nickname":"nick2","type":"Idle","position":"position2","channelID":1}
[2021-09-24 02:19:58.982] Error  "There is Missing Key(s) : requestChatConfirm"
[2021-09-24 02:24:29.949] Info  {"uid":123,"nickname":"nick1","type":"Idle","position":"position1"}
[2021-09-24 02:24:30.490] Info  {"uid":456,"nickname":"nick2","type":"Idle","position":"position2","channelID":1}
[2021-09-24 02:24:30.515] Error  "There is Missing Key(s) : requestChatConfirm"
[2021-09-24 02:26:09.708] Info  {"uid":123,"nickname":"nick1","type":"Idle","position":"position1"}
[2021-09-24 02:26:10.377] Info  {"uid":456,"nickname":"nick2","type":"Idle","position":"position2","channelID":1}
[2021-09-24 02:26:10.395] Error  "There is Missing Key(s) : requestChatConfirm"
[2021-09-24 02:27:55.293] Info  {"uid":123,"nickname":"nick1","type":"Idle","position":"position1"}
[2021-09-24 02:27:56.134] Info  {"uid":456,"nickname":"nick2","type":"Idle","position":"position2","channelID":1}
[2021-09-24 02:27:56.239] Error  "There is Missing Key(s) : requestChatConfirm"
[2021-09-24 02:28:24.309] Info  {"uid":123,"nickname":"nick1","type":"Idle","position":"position1"}
[2021-09-24 02:28:24.821] Info  {"uid":456,"nickname":"nick2","type":"Idle","position":"position2","channelID":1}
[2021-09-24 02:28:24.839] Error  "There is Missing Key(s) : requestChatConfirm"
[2021-09-24 02:29:01.949] Info  {"uid":123,"nickname":"nick1","type":"Idle","position":"position1"}
[2021-09-24 02:29:04.034] Info  {"uid":456,"nickname":"nick2","type":"Idle","position":"position2","channelID":1}
[2021-09-24 02:29:04.140] Error  "There is Missing Key(s) : requestChatConfirm"
[2021-09-24 02:29:49.083] Info  {"uid":123,"nickname":"nick1","type":"Idle","position":"position1"}
[2021-09-24 02:29:49.589] Info  {"uid":456,"nickname":"nick2","type":"Idle","position":"position2","channelID":1}
[2021-09-24 02:29:49.607] Error  "There is Missing Key(s) : requestChatConfirm"
[2021-09-24 02:31:12.522] Info  {"uid":123,"nickname":"nick1","type":"Idle","position":"position1"}
[2021-09-24 02:31:15.225] Info  {"uid":456,"nickname":"nick2","type":"Idle","position":"position2","channelID":1}
[2021-09-24 02:31:15.329] Error  "There is Missing Key(s) : requestChatConfirm"
[2021-09-24 04:17:53.371] Info  {"uid":123,"nickname":"nick1","type":"Idle","position":"position1"}
[2021-09-24 04:17:54.251] Info  {"uid":456,"nickname":"nick2","type":"Idle","position":"position2","channelID":1}
[2021-09-24 04:17:54.258] Error  "There is Missing Key(s) : requestChatConfirm"
[2021-09-24 04:19:18.785] Info  {"uid":123,"nickname":"nick1","type":"Idle","position":"position1"}
[2021-09-24 04:19:21.786] Info  {"uid":456,"nickname":"nick2","type":"Idle","position":"position2","channelID":1}
[2021-09-24 04:19:21.793] Error  "There is Missing Key(s) : requestChatConfirm"
[2021-09-24 04:21:14.467] Info  {"uid":123,"nickname":"nick1","type":"Idle","position":"position1"}
[2021-09-24 04:21:14.481] Info  {"uid":123,"channelID":1}
[2021-09-24 04:21:15.318] Info  {"uid":456,"nickname":"nick2","type":"Idle","position":"position2","channelID":1}
[2021-09-24 04:21:15.325] Error  "There is Missing Key(s) : requestChatConfirm"
[2021-09-24 04:24:25.982] Info  {"uid":123,"nickname":"nick1","type":"Idle","position":"position1"}
[2021-09-24 04:24:25.995] Info  {"uid":123,"channelID":1}
[2021-09-24 04:24:26.565] Info  {"uid":456,"nickname":"nick2","type":"Idle","position":"position2","channelID":1}
[2021-09-24 04:24:26.573] Error  "There is Missing Key(s) : requestChatConfirm"
[2021-09-24 04:26:55.856] Info  {"uid":123,"nickname":"nick1","type":"Idle","position":"position1"}
[2021-09-24 04:26:55.869] Info  {"uid":123,"channelID":1}
[2021-09-24 04:26:56.435] Info  {"uid":456,"nickname":"nick2","type":"Idle","position":"position2","channelID":1}
[2021-09-24 04:26:56.449] Error  "There is Missing Key(s) : requestChatConfirm"
[2021-09-24 04:30:18.432] Info  {"uid":123,"nickname":"nick1","type":"Idle","position":"position1"}
[2021-09-24 04:30:18.447] Info  {"uid":123,"channelID":1}
[2021-09-24 04:30:19.037] Info  {"uid":456,"nickname":"nick2","type":"Idle","position":"position2","channelID":1}
[2021-09-24 04:30:19.043] Error  "There is Missing Key(s) : requestChatConfirm"
[2021-09-24 04:33:12.306] Info  {"uid":123,"nickname":"nick1","type":"Idle","position":"position1"}
[2021-09-24 04:33:14.034] Info  {"uid":456,"nickname":"nick2","type":"Idle","position":"position2"}
[2021-09-24 04:33:17.274] Info  {"uid":123,"channelID":1}
[2021-09-24 04:33:19.017] Error  "There is Missing Key(s) : requestChatConfirm"
[2021-09-24 04:37:23.535] Info  {"uid":123,"nickname":"nick1","type":"Idle","position":"position1"}
[2021-09-24 04:37:24.234] Info  {"uid":456,"nickname":"nick2","type":"Idle","position":"position2"}
[2021-09-24 04:37:28.501] Info  {"uid":123,"channelID":1}
[2021-09-24 04:37:29.218] Error  "There is Missing Key(s) : requestChatConfirm"
[2021-09-24 04:39:55.190] Info  {"uid":123,"nickname":"nick1","type":"Idle","position":"position1"}
[2021-09-24 04:39:55.838] Info  {"uid":456,"nickname":"nick2","type":"Idle","position":"position2"}
[2021-09-24 04:40:00.155] Info  {"uid":123,"channelID":1}
[2021-09-24 04:40:00.823] Error  "There is Missing Key(s) : requestChatConfirm"
[2021-09-24 04:43:32.944] Info  {"uid":123,"nickname":"nick1","type":"Idle","position":"position1"}
[2021-09-24 04:43:33.999] Info  {"uid":456,"nickname":"nick2","type":"Idle","position":"position2"}
[2021-09-24 04:43:37.914] Info  {"uid":123,"channelID":1}
[2021-09-24 04:43:38.981] Error  "There is Missing Key(s) : requestChatConfirm"
[2021-09-24 04:49:39.007] Info  {"uid":123,"nickname":"nick1","type":"Idle","position":"position1"}
[2021-09-24 04:49:39.709] Info  {"uid":456,"nickname":"nick2","type":"Idle","position":"position2"}
[2021-09-24 04:49:43.983] Info  {"uid":123,"channelID":1}
[2021-09-24 04:49:44.695] Error  "There is Missing Key(s) : requestChatConfirm"
[2021-09-27 00:10:04.978] Info  {"uid":123,"nickname":"nick1","type":"Idle","position":"position1"}
[2021-09-27 00:10:05.399] Info  {"uid":456,"nickname":"nick2","type":"Idle","position":"position2"}
[2021-09-27 00:10:09.962] Error  "There is Missing Key(s) : requestChatConfirm"
[2021-09-27 00:10:10.385] Error  "There is Missing Key(s) : requestChatConfirm"
[2021-09-27 00:12:45.795] Info  {"uid":123,"nickname":"nick1","type":"Idle","position":"position1"}
[2021-09-27 00:12:46.421] Info  {"uid":456,"nickname":"nick2","type":"Idle","position":"position2"}
[2021-09-27 00:12:50.757] Error  "There is Missing Key(s) : requestChatConfirm"
[2021-09-27 00:12:51.406] Error  "There is Missing Key(s) : requestChatConfirm"
[2021-09-27 00:14:19.620] Info  {"uid":123,"nickname":"nick1","type":"Idle","position":"position1"}
[2021-09-27 00:14:20.068] Info  {"uid":456,"nickname":"nick2","type":"Idle","position":"position2"}
[2021-09-27 00:14:24.587] Error  "There is Missing Key(s) : requestChatConfirm"
[2021-09-27 00:14:25.054] Error  "There is Missing Key(s) : requestChatConfirm"
[2021-09-27 00:37:26.734] Info  {"uid":123,"nickname":"nick1","type":"Idle","position":"position1"}
[2021-09-27 00:37:27.779] Info  {"uid":456,"nickname":"nick2","type":"Idle","position":"position2"}
[2021-09-27 00:37:31.699] Error  "There is Missing Key(s) : requestChatConfirm"
[2021-09-27 00:37:32.763] Error  "There is Missing Key(s) : requestChatConfirm"
[2021-09-27 00:38:01.980] Info  {"uid":123,"nickname":"nick1","type":"Idle","position":"position1"}
[2021-09-27 00:38:04.238] Info  {"uid":456,"nickname":"nick2","type":"Idle","position":"position2"}
[2021-09-27 00:38:06.943] Error  "There is Missing Key(s) : requestChatConfirm"
[2021-09-27 00:38:09.222] Error  "There is Missing Key(s) : requestChatConfirm"
[2021-09-27 00:39:38.971] Info  {"uid":123,"nickname":"nick1","type":"Idle","position":"position1"}
[2021-09-27 00:39:41.033] Info  {"uid":456,"nickname":"nick2","type":"Idle","position":"position2"}
[2021-09-27 00:39:43.938] Error  "There is Missing Key(s) : requestChatConfirm"
[2021-09-27 00:39:46.018] Error  "There is Missing Key(s) : requestChatConfirm"
[2021-09-27 00:41:52.857] Info  {"uid":123,"nickname":"nick1","type":"Idle","position":"position1"}
[2021-09-27 00:41:54.194] Info  {"uid":456,"nickname":"nick2","type":"Idle","position":"position2"}
[2021-09-27 00:41:57.818] Error  "There is Missing Key(s) : closeChat"
[2021-09-27 00:41:59.182] Error  "There is Missing Key(s) : closeChat"
[2021-09-27 00:42:11.661] Info  {"uid":123,"nickname":"nick1","type":"Idle","position":"position1"}
[2021-09-27 00:42:12.807] Info  {"uid":456,"nickname":"nick2","type":"Idle","position":"position2"}
[2021-09-27 00:42:16.627] Error  "There is Missing Key(s) : closeChat"
[2021-09-27 00:42:17.793] Error  "There is Missing Key(s) : closeChat"
[2021-09-27 00:43:51.385] Info  {"uid":123,"nickname":"nick1","type":"Idle","position":"position1"}
[2021-09-27 00:43:52.161] Info  {"uid":456,"nickname":"nick2","type":"Idle","position":"position2"}
[2021-09-27 00:43:56.350] Error  "There is Missing Key(s) : closeChat"
[2021-09-27 00:43:57.146] Error  "There is Missing Key(s) : closeChat"
[2021-09-27 00:44:56.959] Info  {"uid":123,"nickname":"nick1","type":"Idle","position":"position1"}
[2021-09-27 00:44:58.797] Info  {"uid":456,"nickname":"nick2","type":"Idle","position":"position2"}
[2021-09-27 00:45:01.927] Error  "There is Missing Key(s) : closeChat"
[2021-09-27 00:45:03.782] Error  "There is Missing Key(s) : closeChat"
[2021-09-27 00:45:52.704] Info  {"uid":123,"nickname":"nick1","type":"Idle","position":"position1"}
[2021-09-27 00:45:57.686] Error  "There is Missing Key(s) : closeChat"
[2021-09-27 00:46:18.831] Info  {"uid":123,"nickname":"nick1","type":"Idle","position":"position1"}
[2021-09-27 00:46:22.119] Info  {"uid":456,"nickname":"nick2","type":"Idle","position":"position2"}
[2021-09-27 00:46:23.802] Error  "There is Missing Key(s) : closeChat"
[2021-09-27 00:46:27.102] Error  "There is Missing Key(s) : closeChat"
[2021-09-27 00:48:49.301] Info  {"uid":123,"nickname":"nick1","type":"Idle","position":"position1"}
[2021-09-27 00:48:49.919] Info  {"uid":456,"nickname":"nick2","type":"Idle","position":"position2"}
[2021-09-27 00:48:54.273] Info  {"uid":123,"channelName":"1"}
[2021-09-27 00:48:54.902] Error  "There is Missing Key(s) : closeChat"
[2021-09-27 00:49:47.527] Info  {"uid":123,"nickname":"nick1","type":"Idle","position":"position1"}
[2021-09-27 00:49:48.210] Info  {"uid":456,"nickname":"nick2","type":"Idle","position":"position2"}
[2021-09-27 00:49:52.495] Info  {"uid":123,"channelName":"1"}
[2021-09-27 00:49:53.191] Error  "There is Missing Key(s) : closeChat"
[2021-09-27 00:51:46.770] Info  {"uid":123,"nickname":"nick1","type":"Idle","position":"position1"}
[2021-09-27 00:51:47.878] Info  {"uid":456,"nickname":"nick2","type":"Idle","position":"position2","channelName":"1"}
[2021-09-27 00:51:51.735] Info  {"uid":123,"channelName":"1"}
[2021-09-27 00:51:52.860] Error  "There is Missing Key(s) : closeChat"
[2021-09-27 00:53:20.819] Info  {"uid":123,"nickname":"nick1","type":"Idle","position":"position1"}
[2021-09-27 00:53:21.627] Info  {"uid":456,"nickname":"nick1","type":"Idle","position":"position1"}
[2021-09-27 00:53:25.794] Info  {"uid":123,"channelName":"1"}
[2021-09-27 00:53:26.609] Info  {"uid":456,"channelName":"1"}
[2021-09-27 00:53:57.618] Info  {"uid":123,"nickname":"nick1","type":"Idle","position":"position1"}
[2021-09-27 00:53:58.869] Info  {"uid":456,"nickname":"nick1","type":"Idle","position":"position1"}
[2021-09-27 00:54:02.589] Info  {"uid":123,"channelName":"1"}
[2021-09-27 00:54:03.851] Info  {"uid":456,"channelName":"1"}
[2021-10-05 06:01:15.894] Info  {"uid":456,"nickname":"nick1","type":"Idle","position":"position1"}
[2021-10-05 06:01:16.390] Info  {"uid":456,"nickname":"nick1","type":"Idle","position":"position1"}
[2021-10-05 06:03:11.343] Info  {"uid":456,"nickname":"nick1","type":"Idle","position":"position1"}
[2021-10-05 06:03:11.971] Info  {"uid":456,"nickname":"nick1","type":"Idle","position":"position1"}
[2021-10-05 06:03:16.300] Info  {"uid":456,"receiverUid":123,"offerSDP":"456's offer SDP"}
[2021-10-05 06:03:16.303] Info  {"uid":456,"receiverUid":123,"answerSDP":"456's answer SDP"}
[2021-10-05 06:03:16.306] Info  {"uid":456,"receiverUid":123,"candidates":["stun:google.com:1234","stun:google.com:7753"]}
[2021-10-05 06:03:16.942] Info  {"uid":123,"receiverUid":456,"offerSDP":"123's offer SDP"}
[2021-10-05 06:03:16.946] Info  {"uid":123,"receiverUid":456,"answerSDP":"123's answer SDP"}
[2021-10-05 06:03:16.948] Info  {"uid":123,"receiverUid":456,"candidates":["stun:google.com:1234","stun:google.com:7753"]}
[2021-10-05 06:04:53.062] Info  {"uid":456,"nickname":"nick1","type":"Idle","position":"position1"}
[2021-10-05 06:04:53.662] Info  {"uid":123,"nickname":"nick1","type":"Idle","position":"position1"}
[2021-10-05 06:04:58.016] Info  {"uid":456,"receiverUid":123,"offerSDP":"456's offer SDP"}
[2021-10-05 06:04:58.019] Info  {"uid":456,"receiverUid":123,"answerSDP":"456's answer SDP"}
[2021-10-05 06:04:58.022] Info  {"uid":456,"receiverUid":123,"candidates":["stun:google.com:1234","stun:google.com:7753"]}
[2021-10-05 06:04:58.632] Info  {"uid":123,"receiverUid":456,"offerSDP":"123's offer SDP"}
[2021-10-05 06:04:58.633] Info  {"uid":123,"receiverUid":456,"answerSDP":"123's answer SDP"}
[2021-10-05 06:04:58.634] Info  {"uid":123,"receiverUid":456,"candidates":["stun:google.com:1234","stun:google.com:7753"]}
